[2022-06-14 14:30:40,304] {processor.py:153} INFO - Started process (PID=3096) to work on /opt/airflow/dags/spark-test.py
[2022-06-14 14:30:40,311] {processor.py:641} INFO - Processing file /opt/airflow/dags/spark-test.py for tasks to queue
[2022-06-14 14:30:40,315] {logging_mixin.py:115} INFO - [2022-06-14 14:30:40,314] {dagbag.py:507} INFO - Filling up the DagBag from /opt/airflow/dags/spark-test.py
[2022-06-14 14:30:40,385] {logging_mixin.py:115} INFO - [2022-06-14 14:30:40,377] {dagbag.py:320} ERROR - Failed to import: /opt/airflow/dags/spark-test.py
Traceback (most recent call last):
  File "/home/airflow/.local/lib/python3.7/site-packages/airflow/models/dagbag.py", line 317, in parse
    loader.exec_module(new_module)
  File "<frozen importlib._bootstrap_external>", line 728, in exec_module
  File "<frozen importlib._bootstrap>", line 219, in _call_with_frames_removed
  File "/opt/airflow/dags/spark-test.py", line 3, in <module>
    from airflow.contrib.operators.spark_submit_operator import SparkSubmitOperator
  File "/home/airflow/.local/lib/python3.7/site-packages/airflow/contrib/operators/spark_submit_operator.py", line 22, in <module>
    from airflow.providers.apache.spark.operators.spark_submit import SparkSubmitOperator  # noqa
ModuleNotFoundError: No module named 'airflow.providers.apache'
[2022-06-14 14:30:40,386] {processor.py:653} WARNING - No viable dags retrieved from /opt/airflow/dags/spark-test.py
[2022-06-14 14:30:40,501] {processor.py:161} INFO - Processing /opt/airflow/dags/spark-test.py took 0.207 seconds
[2022-06-14 14:31:12,133] {processor.py:153} INFO - Started process (PID=3150) to work on /opt/airflow/dags/spark-test.py
[2022-06-14 14:31:12,139] {processor.py:641} INFO - Processing file /opt/airflow/dags/spark-test.py for tasks to queue
[2022-06-14 14:31:12,145] {logging_mixin.py:115} INFO - [2022-06-14 14:31:12,145] {dagbag.py:507} INFO - Filling up the DagBag from /opt/airflow/dags/spark-test.py
[2022-06-14 14:31:12,179] {logging_mixin.py:115} INFO - [2022-06-14 14:31:12,174] {dagbag.py:320} ERROR - Failed to import: /opt/airflow/dags/spark-test.py
Traceback (most recent call last):
  File "/home/airflow/.local/lib/python3.7/site-packages/airflow/models/dagbag.py", line 317, in parse
    loader.exec_module(new_module)
  File "<frozen importlib._bootstrap_external>", line 728, in exec_module
  File "<frozen importlib._bootstrap>", line 219, in _call_with_frames_removed
  File "/opt/airflow/dags/spark-test.py", line 3, in <module>
    from airflow.contrib.operators.spark_submit_operator import SparkSubmitOperator
  File "/home/airflow/.local/lib/python3.7/site-packages/airflow/contrib/operators/spark_submit_operator.py", line 22, in <module>
    from airflow.providers.apache.spark.operators.spark_submit import SparkSubmitOperator  # noqa
ModuleNotFoundError: No module named 'airflow.providers.apache'
[2022-06-14 14:31:12,180] {processor.py:653} WARNING - No viable dags retrieved from /opt/airflow/dags/spark-test.py
[2022-06-14 14:31:12,240] {processor.py:161} INFO - Processing /opt/airflow/dags/spark-test.py took 0.117 seconds
[2022-06-14 14:31:43,126] {processor.py:153} INFO - Started process (PID=3209) to work on /opt/airflow/dags/spark-test.py
[2022-06-14 14:31:43,129] {processor.py:641} INFO - Processing file /opt/airflow/dags/spark-test.py for tasks to queue
[2022-06-14 14:31:43,131] {logging_mixin.py:115} INFO - [2022-06-14 14:31:43,131] {dagbag.py:507} INFO - Filling up the DagBag from /opt/airflow/dags/spark-test.py
[2022-06-14 14:31:43,151] {logging_mixin.py:115} INFO - [2022-06-14 14:31:43,149] {dagbag.py:320} ERROR - Failed to import: /opt/airflow/dags/spark-test.py
Traceback (most recent call last):
  File "/home/airflow/.local/lib/python3.7/site-packages/airflow/models/dagbag.py", line 317, in parse
    loader.exec_module(new_module)
  File "<frozen importlib._bootstrap_external>", line 728, in exec_module
  File "<frozen importlib._bootstrap>", line 219, in _call_with_frames_removed
  File "/opt/airflow/dags/spark-test.py", line 3, in <module>
    from airflow.contrib.operators.spark_submit_operator import SparkSubmitOperator
  File "/home/airflow/.local/lib/python3.7/site-packages/airflow/contrib/operators/spark_submit_operator.py", line 22, in <module>
    from airflow.providers.apache.spark.operators.spark_submit import SparkSubmitOperator  # noqa
ModuleNotFoundError: No module named 'airflow.providers.apache'
[2022-06-14 14:31:43,155] {processor.py:653} WARNING - No viable dags retrieved from /opt/airflow/dags/spark-test.py
[2022-06-14 14:31:43,184] {processor.py:161} INFO - Processing /opt/airflow/dags/spark-test.py took 0.065 seconds
[2022-06-14 14:32:14,104] {processor.py:153} INFO - Started process (PID=3277) to work on /opt/airflow/dags/spark-test.py
[2022-06-14 14:32:14,106] {processor.py:641} INFO - Processing file /opt/airflow/dags/spark-test.py for tasks to queue
[2022-06-14 14:32:14,107] {logging_mixin.py:115} INFO - [2022-06-14 14:32:14,107] {dagbag.py:507} INFO - Filling up the DagBag from /opt/airflow/dags/spark-test.py
[2022-06-14 14:32:14,135] {logging_mixin.py:115} INFO - [2022-06-14 14:32:14,133] {dagbag.py:320} ERROR - Failed to import: /opt/airflow/dags/spark-test.py
Traceback (most recent call last):
  File "/home/airflow/.local/lib/python3.7/site-packages/airflow/models/dagbag.py", line 317, in parse
    loader.exec_module(new_module)
  File "<frozen importlib._bootstrap_external>", line 728, in exec_module
  File "<frozen importlib._bootstrap>", line 219, in _call_with_frames_removed
  File "/opt/airflow/dags/spark-test.py", line 3, in <module>
    from airflow.contrib.operators.spark_submit_operator import SparkSubmitOperator
  File "/home/airflow/.local/lib/python3.7/site-packages/airflow/contrib/operators/spark_submit_operator.py", line 22, in <module>
    from airflow.providers.apache.spark.operators.spark_submit import SparkSubmitOperator  # noqa
ModuleNotFoundError: No module named 'airflow.providers.apache'
[2022-06-14 14:32:14,137] {processor.py:653} WARNING - No viable dags retrieved from /opt/airflow/dags/spark-test.py
[2022-06-14 14:32:14,170] {processor.py:161} INFO - Processing /opt/airflow/dags/spark-test.py took 0.071 seconds
[2022-06-14 14:32:45,006] {processor.py:153} INFO - Started process (PID=3343) to work on /opt/airflow/dags/spark-test.py
[2022-06-14 14:32:45,010] {processor.py:641} INFO - Processing file /opt/airflow/dags/spark-test.py for tasks to queue
[2022-06-14 14:32:45,014] {logging_mixin.py:115} INFO - [2022-06-14 14:32:45,014] {dagbag.py:507} INFO - Filling up the DagBag from /opt/airflow/dags/spark-test.py
[2022-06-14 14:32:45,029] {logging_mixin.py:115} INFO - [2022-06-14 14:32:45,026] {dagbag.py:320} ERROR - Failed to import: /opt/airflow/dags/spark-test.py
Traceback (most recent call last):
  File "/home/airflow/.local/lib/python3.7/site-packages/airflow/models/dagbag.py", line 317, in parse
    loader.exec_module(new_module)
  File "<frozen importlib._bootstrap_external>", line 728, in exec_module
  File "<frozen importlib._bootstrap>", line 219, in _call_with_frames_removed
  File "/opt/airflow/dags/spark-test.py", line 3, in <module>
    from airflow.contrib.operators.spark_submit_operator import SparkSubmitOperator
  File "/home/airflow/.local/lib/python3.7/site-packages/airflow/contrib/operators/spark_submit_operator.py", line 22, in <module>
    from airflow.providers.apache.spark.operators.spark_submit import SparkSubmitOperator  # noqa
ModuleNotFoundError: No module named 'airflow.providers.apache'
[2022-06-14 14:32:45,030] {processor.py:653} WARNING - No viable dags retrieved from /opt/airflow/dags/spark-test.py
[2022-06-14 14:32:45,080] {processor.py:161} INFO - Processing /opt/airflow/dags/spark-test.py took 0.084 seconds
[2022-06-14 14:33:15,270] {processor.py:153} INFO - Started process (PID=3412) to work on /opt/airflow/dags/spark-test.py
[2022-06-14 14:33:15,272] {processor.py:641} INFO - Processing file /opt/airflow/dags/spark-test.py for tasks to queue
[2022-06-14 14:33:15,275] {logging_mixin.py:115} INFO - [2022-06-14 14:33:15,274] {dagbag.py:507} INFO - Filling up the DagBag from /opt/airflow/dags/spark-test.py
[2022-06-14 14:33:15,295] {logging_mixin.py:115} INFO - [2022-06-14 14:33:15,290] {dagbag.py:320} ERROR - Failed to import: /opt/airflow/dags/spark-test.py
Traceback (most recent call last):
  File "/home/airflow/.local/lib/python3.7/site-packages/airflow/models/dagbag.py", line 317, in parse
    loader.exec_module(new_module)
  File "<frozen importlib._bootstrap_external>", line 728, in exec_module
  File "<frozen importlib._bootstrap>", line 219, in _call_with_frames_removed
  File "/opt/airflow/dags/spark-test.py", line 3, in <module>
    from airflow.contrib.operators.spark_submit_operator import SparkSubmitOperator
  File "/home/airflow/.local/lib/python3.7/site-packages/airflow/contrib/operators/spark_submit_operator.py", line 22, in <module>
    from airflow.providers.apache.spark.operators.spark_submit import SparkSubmitOperator  # noqa
ModuleNotFoundError: No module named 'airflow.providers.apache'
[2022-06-14 14:33:15,299] {processor.py:653} WARNING - No viable dags retrieved from /opt/airflow/dags/spark-test.py
[2022-06-14 14:33:15,325] {processor.py:161} INFO - Processing /opt/airflow/dags/spark-test.py took 0.060 seconds
[2022-06-14 14:33:45,687] {processor.py:153} INFO - Started process (PID=3467) to work on /opt/airflow/dags/spark-test.py
[2022-06-14 14:33:45,690] {processor.py:641} INFO - Processing file /opt/airflow/dags/spark-test.py for tasks to queue
[2022-06-14 14:33:45,692] {logging_mixin.py:115} INFO - [2022-06-14 14:33:45,692] {dagbag.py:507} INFO - Filling up the DagBag from /opt/airflow/dags/spark-test.py
[2022-06-14 14:33:45,706] {logging_mixin.py:115} INFO - [2022-06-14 14:33:45,703] {dagbag.py:320} ERROR - Failed to import: /opt/airflow/dags/spark-test.py
Traceback (most recent call last):
  File "/home/airflow/.local/lib/python3.7/site-packages/airflow/models/dagbag.py", line 317, in parse
    loader.exec_module(new_module)
  File "<frozen importlib._bootstrap_external>", line 728, in exec_module
  File "<frozen importlib._bootstrap>", line 219, in _call_with_frames_removed
  File "/opt/airflow/dags/spark-test.py", line 3, in <module>
    from airflow.contrib.operators.spark_submit_operator import SparkSubmitOperator
  File "/home/airflow/.local/lib/python3.7/site-packages/airflow/contrib/operators/spark_submit_operator.py", line 22, in <module>
    from airflow.providers.apache.spark.operators.spark_submit import SparkSubmitOperator  # noqa
ModuleNotFoundError: No module named 'airflow.providers.apache'
[2022-06-14 14:33:45,707] {processor.py:653} WARNING - No viable dags retrieved from /opt/airflow/dags/spark-test.py
[2022-06-14 14:33:45,732] {processor.py:161} INFO - Processing /opt/airflow/dags/spark-test.py took 0.050 seconds
[2022-06-14 14:34:16,511] {processor.py:153} INFO - Started process (PID=3538) to work on /opt/airflow/dags/spark-test.py
[2022-06-14 14:34:16,513] {processor.py:641} INFO - Processing file /opt/airflow/dags/spark-test.py for tasks to queue
[2022-06-14 14:34:16,514] {logging_mixin.py:115} INFO - [2022-06-14 14:34:16,514] {dagbag.py:507} INFO - Filling up the DagBag from /opt/airflow/dags/spark-test.py
[2022-06-14 14:34:16,529] {logging_mixin.py:115} INFO - [2022-06-14 14:34:16,525] {dagbag.py:320} ERROR - Failed to import: /opt/airflow/dags/spark-test.py
Traceback (most recent call last):
  File "/home/airflow/.local/lib/python3.7/site-packages/airflow/models/dagbag.py", line 317, in parse
    loader.exec_module(new_module)
  File "<frozen importlib._bootstrap_external>", line 728, in exec_module
  File "<frozen importlib._bootstrap>", line 219, in _call_with_frames_removed
  File "/opt/airflow/dags/spark-test.py", line 3, in <module>
    from airflow.contrib.operators.spark_submit_operator import SparkSubmitOperator
  File "/home/airflow/.local/lib/python3.7/site-packages/airflow/contrib/operators/spark_submit_operator.py", line 22, in <module>
    from airflow.providers.apache.spark.operators.spark_submit import SparkSubmitOperator  # noqa
ModuleNotFoundError: No module named 'airflow.providers.apache'
[2022-06-14 14:34:16,530] {processor.py:653} WARNING - No viable dags retrieved from /opt/airflow/dags/spark-test.py
[2022-06-14 14:34:16,564] {processor.py:161} INFO - Processing /opt/airflow/dags/spark-test.py took 0.063 seconds
[2022-06-14 14:34:46,658] {processor.py:153} INFO - Started process (PID=3605) to work on /opt/airflow/dags/spark-test.py
[2022-06-14 14:34:46,661] {processor.py:641} INFO - Processing file /opt/airflow/dags/spark-test.py for tasks to queue
[2022-06-14 14:34:46,663] {logging_mixin.py:115} INFO - [2022-06-14 14:34:46,663] {dagbag.py:507} INFO - Filling up the DagBag from /opt/airflow/dags/spark-test.py
[2022-06-14 14:34:46,675] {logging_mixin.py:115} INFO - [2022-06-14 14:34:46,673] {dagbag.py:320} ERROR - Failed to import: /opt/airflow/dags/spark-test.py
Traceback (most recent call last):
  File "/home/airflow/.local/lib/python3.7/site-packages/airflow/models/dagbag.py", line 317, in parse
    loader.exec_module(new_module)
  File "<frozen importlib._bootstrap_external>", line 728, in exec_module
  File "<frozen importlib._bootstrap>", line 219, in _call_with_frames_removed
  File "/opt/airflow/dags/spark-test.py", line 3, in <module>
    from airflow.contrib.operators.spark_submit_operator import SparkSubmitOperator
  File "/home/airflow/.local/lib/python3.7/site-packages/airflow/contrib/operators/spark_submit_operator.py", line 22, in <module>
    from airflow.providers.apache.spark.operators.spark_submit import SparkSubmitOperator  # noqa
ModuleNotFoundError: No module named 'airflow.providers.apache'
[2022-06-14 14:34:46,677] {processor.py:653} WARNING - No viable dags retrieved from /opt/airflow/dags/spark-test.py
[2022-06-14 14:34:46,705] {processor.py:161} INFO - Processing /opt/airflow/dags/spark-test.py took 0.052 seconds
[2022-06-14 14:35:17,324] {processor.py:153} INFO - Started process (PID=3671) to work on /opt/airflow/dags/spark-test.py
[2022-06-14 14:35:17,328] {processor.py:641} INFO - Processing file /opt/airflow/dags/spark-test.py for tasks to queue
[2022-06-14 14:35:17,331] {logging_mixin.py:115} INFO - [2022-06-14 14:35:17,330] {dagbag.py:507} INFO - Filling up the DagBag from /opt/airflow/dags/spark-test.py
[2022-06-14 14:35:17,354] {logging_mixin.py:115} INFO - [2022-06-14 14:35:17,346] {dagbag.py:320} ERROR - Failed to import: /opt/airflow/dags/spark-test.py
Traceback (most recent call last):
  File "/home/airflow/.local/lib/python3.7/site-packages/airflow/models/dagbag.py", line 317, in parse
    loader.exec_module(new_module)
  File "<frozen importlib._bootstrap_external>", line 728, in exec_module
  File "<frozen importlib._bootstrap>", line 219, in _call_with_frames_removed
  File "/opt/airflow/dags/spark-test.py", line 3, in <module>
    from airflow.contrib.operators.spark_submit_operator import SparkSubmitOperator
  File "/home/airflow/.local/lib/python3.7/site-packages/airflow/contrib/operators/spark_submit_operator.py", line 22, in <module>
    from airflow.providers.apache.spark.operators.spark_submit import SparkSubmitOperator  # noqa
ModuleNotFoundError: No module named 'airflow.providers.apache'
[2022-06-14 14:35:17,357] {processor.py:653} WARNING - No viable dags retrieved from /opt/airflow/dags/spark-test.py
[2022-06-14 14:35:17,382] {processor.py:161} INFO - Processing /opt/airflow/dags/spark-test.py took 0.069 seconds
[2022-06-14 14:35:48,146] {processor.py:153} INFO - Started process (PID=3728) to work on /opt/airflow/dags/spark-test.py
[2022-06-14 14:35:48,149] {processor.py:641} INFO - Processing file /opt/airflow/dags/spark-test.py for tasks to queue
[2022-06-14 14:35:48,151] {logging_mixin.py:115} INFO - [2022-06-14 14:35:48,151] {dagbag.py:507} INFO - Filling up the DagBag from /opt/airflow/dags/spark-test.py
[2022-06-14 14:35:48,161] {logging_mixin.py:115} INFO - [2022-06-14 14:35:48,159] {dagbag.py:320} ERROR - Failed to import: /opt/airflow/dags/spark-test.py
Traceback (most recent call last):
  File "/home/airflow/.local/lib/python3.7/site-packages/airflow/models/dagbag.py", line 317, in parse
    loader.exec_module(new_module)
  File "<frozen importlib._bootstrap_external>", line 728, in exec_module
  File "<frozen importlib._bootstrap>", line 219, in _call_with_frames_removed
  File "/opt/airflow/dags/spark-test.py", line 3, in <module>
    from airflow.contrib.operators.spark_submit_operator import SparkSubmitOperator
  File "/home/airflow/.local/lib/python3.7/site-packages/airflow/contrib/operators/spark_submit_operator.py", line 22, in <module>
    from airflow.providers.apache.spark.operators.spark_submit import SparkSubmitOperator  # noqa
ModuleNotFoundError: No module named 'airflow.providers.apache'
[2022-06-14 14:35:48,164] {processor.py:653} WARNING - No viable dags retrieved from /opt/airflow/dags/spark-test.py
[2022-06-14 14:35:48,188] {processor.py:161} INFO - Processing /opt/airflow/dags/spark-test.py took 0.045 seconds
[2022-06-14 14:36:18,258] {processor.py:153} INFO - Started process (PID=3798) to work on /opt/airflow/dags/spark-test.py
[2022-06-14 14:36:18,261] {processor.py:641} INFO - Processing file /opt/airflow/dags/spark-test.py for tasks to queue
[2022-06-14 14:36:18,263] {logging_mixin.py:115} INFO - [2022-06-14 14:36:18,263] {dagbag.py:507} INFO - Filling up the DagBag from /opt/airflow/dags/spark-test.py
[2022-06-14 14:36:18,277] {logging_mixin.py:115} INFO - [2022-06-14 14:36:18,273] {dagbag.py:320} ERROR - Failed to import: /opt/airflow/dags/spark-test.py
Traceback (most recent call last):
  File "/home/airflow/.local/lib/python3.7/site-packages/airflow/models/dagbag.py", line 317, in parse
    loader.exec_module(new_module)
  File "<frozen importlib._bootstrap_external>", line 728, in exec_module
  File "<frozen importlib._bootstrap>", line 219, in _call_with_frames_removed
  File "/opt/airflow/dags/spark-test.py", line 3, in <module>
    from airflow.contrib.operators.spark_submit_operator import SparkSubmitOperator
  File "/home/airflow/.local/lib/python3.7/site-packages/airflow/contrib/operators/spark_submit_operator.py", line 22, in <module>
    from airflow.providers.apache.spark.operators.spark_submit import SparkSubmitOperator  # noqa
ModuleNotFoundError: No module named 'airflow.providers.apache'
[2022-06-14 14:36:18,279] {processor.py:653} WARNING - No viable dags retrieved from /opt/airflow/dags/spark-test.py
[2022-06-14 14:36:18,307] {processor.py:161} INFO - Processing /opt/airflow/dags/spark-test.py took 0.054 seconds
[2022-06-14 14:36:48,496] {processor.py:153} INFO - Started process (PID=3866) to work on /opt/airflow/dags/spark-test.py
[2022-06-14 14:36:48,498] {processor.py:641} INFO - Processing file /opt/airflow/dags/spark-test.py for tasks to queue
[2022-06-14 14:36:48,499] {logging_mixin.py:115} INFO - [2022-06-14 14:36:48,499] {dagbag.py:507} INFO - Filling up the DagBag from /opt/airflow/dags/spark-test.py
[2022-06-14 14:36:48,510] {logging_mixin.py:115} INFO - [2022-06-14 14:36:48,508] {dagbag.py:320} ERROR - Failed to import: /opt/airflow/dags/spark-test.py
Traceback (most recent call last):
  File "/home/airflow/.local/lib/python3.7/site-packages/airflow/models/dagbag.py", line 317, in parse
    loader.exec_module(new_module)
  File "<frozen importlib._bootstrap_external>", line 728, in exec_module
  File "<frozen importlib._bootstrap>", line 219, in _call_with_frames_removed
  File "/opt/airflow/dags/spark-test.py", line 3, in <module>
    from airflow.contrib.operators.spark_submit_operator import SparkSubmitOperator
  File "/home/airflow/.local/lib/python3.7/site-packages/airflow/contrib/operators/spark_submit_operator.py", line 22, in <module>
    from airflow.providers.apache.spark.operators.spark_submit import SparkSubmitOperator  # noqa
ModuleNotFoundError: No module named 'airflow.providers.apache'
[2022-06-14 14:36:48,511] {processor.py:653} WARNING - No viable dags retrieved from /opt/airflow/dags/spark-test.py
[2022-06-14 14:36:48,558] {processor.py:161} INFO - Processing /opt/airflow/dags/spark-test.py took 0.069 seconds
[2022-06-14 14:37:18,949] {processor.py:153} INFO - Started process (PID=3934) to work on /opt/airflow/dags/spark-test.py
[2022-06-14 14:37:18,951] {processor.py:641} INFO - Processing file /opt/airflow/dags/spark-test.py for tasks to queue
[2022-06-14 14:37:18,955] {logging_mixin.py:115} INFO - [2022-06-14 14:37:18,955] {dagbag.py:507} INFO - Filling up the DagBag from /opt/airflow/dags/spark-test.py
[2022-06-14 14:37:18,972] {logging_mixin.py:115} INFO - [2022-06-14 14:37:18,969] {dagbag.py:320} ERROR - Failed to import: /opt/airflow/dags/spark-test.py
Traceback (most recent call last):
  File "/home/airflow/.local/lib/python3.7/site-packages/airflow/models/dagbag.py", line 317, in parse
    loader.exec_module(new_module)
  File "<frozen importlib._bootstrap_external>", line 728, in exec_module
  File "<frozen importlib._bootstrap>", line 219, in _call_with_frames_removed
  File "/opt/airflow/dags/spark-test.py", line 3, in <module>
    from airflow.contrib.operators.spark_submit_operator import SparkSubmitOperator
  File "/home/airflow/.local/lib/python3.7/site-packages/airflow/contrib/operators/spark_submit_operator.py", line 22, in <module>
    from airflow.providers.apache.spark.operators.spark_submit import SparkSubmitOperator  # noqa
ModuleNotFoundError: No module named 'airflow.providers.apache'
[2022-06-14 14:37:18,974] {processor.py:653} WARNING - No viable dags retrieved from /opt/airflow/dags/spark-test.py
[2022-06-14 14:37:19,032] {processor.py:161} INFO - Processing /opt/airflow/dags/spark-test.py took 0.091 seconds
[2022-06-14 14:37:49,517] {processor.py:153} INFO - Started process (PID=4003) to work on /opt/airflow/dags/spark-test.py
[2022-06-14 14:37:49,519] {processor.py:641} INFO - Processing file /opt/airflow/dags/spark-test.py for tasks to queue
[2022-06-14 14:37:49,521] {logging_mixin.py:115} INFO - [2022-06-14 14:37:49,520] {dagbag.py:507} INFO - Filling up the DagBag from /opt/airflow/dags/spark-test.py
[2022-06-14 14:37:49,534] {logging_mixin.py:115} INFO - [2022-06-14 14:37:49,532] {dagbag.py:320} ERROR - Failed to import: /opt/airflow/dags/spark-test.py
Traceback (most recent call last):
  File "/home/airflow/.local/lib/python3.7/site-packages/airflow/models/dagbag.py", line 317, in parse
    loader.exec_module(new_module)
  File "<frozen importlib._bootstrap_external>", line 728, in exec_module
  File "<frozen importlib._bootstrap>", line 219, in _call_with_frames_removed
  File "/opt/airflow/dags/spark-test.py", line 3, in <module>
    from airflow.contrib.operators.spark_submit_operator import SparkSubmitOperator
  File "/home/airflow/.local/lib/python3.7/site-packages/airflow/contrib/operators/spark_submit_operator.py", line 22, in <module>
    from airflow.providers.apache.spark.operators.spark_submit import SparkSubmitOperator  # noqa
ModuleNotFoundError: No module named 'airflow.providers.apache'
[2022-06-14 14:37:49,535] {processor.py:653} WARNING - No viable dags retrieved from /opt/airflow/dags/spark-test.py
[2022-06-14 14:37:49,572] {processor.py:161} INFO - Processing /opt/airflow/dags/spark-test.py took 0.059 seconds
[2022-06-14 14:38:19,690] {processor.py:153} INFO - Started process (PID=4059) to work on /opt/airflow/dags/spark-test.py
[2022-06-14 14:38:19,694] {processor.py:641} INFO - Processing file /opt/airflow/dags/spark-test.py for tasks to queue
[2022-06-14 14:38:19,695] {logging_mixin.py:115} INFO - [2022-06-14 14:38:19,695] {dagbag.py:507} INFO - Filling up the DagBag from /opt/airflow/dags/spark-test.py
[2022-06-14 14:38:19,703] {logging_mixin.py:115} INFO - [2022-06-14 14:38:19,702] {dagbag.py:320} ERROR - Failed to import: /opt/airflow/dags/spark-test.py
Traceback (most recent call last):
  File "/home/airflow/.local/lib/python3.7/site-packages/airflow/models/dagbag.py", line 317, in parse
    loader.exec_module(new_module)
  File "<frozen importlib._bootstrap_external>", line 728, in exec_module
  File "<frozen importlib._bootstrap>", line 219, in _call_with_frames_removed
  File "/opt/airflow/dags/spark-test.py", line 3, in <module>
    from airflow.contrib.operators.spark_submit_operator import SparkSubmitOperator
  File "/home/airflow/.local/lib/python3.7/site-packages/airflow/contrib/operators/spark_submit_operator.py", line 22, in <module>
    from airflow.providers.apache.spark.operators.spark_submit import SparkSubmitOperator  # noqa
ModuleNotFoundError: No module named 'airflow.providers.apache'
[2022-06-14 14:38:19,706] {processor.py:653} WARNING - No viable dags retrieved from /opt/airflow/dags/spark-test.py
[2022-06-14 14:38:19,730] {processor.py:161} INFO - Processing /opt/airflow/dags/spark-test.py took 0.043 seconds
[2022-06-14 14:38:50,229] {processor.py:153} INFO - Started process (PID=4125) to work on /opt/airflow/dags/spark-test.py
[2022-06-14 14:38:50,233] {processor.py:641} INFO - Processing file /opt/airflow/dags/spark-test.py for tasks to queue
[2022-06-14 14:38:50,238] {logging_mixin.py:115} INFO - [2022-06-14 14:38:50,238] {dagbag.py:507} INFO - Filling up the DagBag from /opt/airflow/dags/spark-test.py
[2022-06-14 14:38:50,256] {logging_mixin.py:115} INFO - [2022-06-14 14:38:50,253] {dagbag.py:320} ERROR - Failed to import: /opt/airflow/dags/spark-test.py
Traceback (most recent call last):
  File "/home/airflow/.local/lib/python3.7/site-packages/airflow/models/dagbag.py", line 317, in parse
    loader.exec_module(new_module)
  File "<frozen importlib._bootstrap_external>", line 728, in exec_module
  File "<frozen importlib._bootstrap>", line 219, in _call_with_frames_removed
  File "/opt/airflow/dags/spark-test.py", line 3, in <module>
    from airflow.contrib.operators.spark_submit_operator import SparkSubmitOperator
  File "/home/airflow/.local/lib/python3.7/site-packages/airflow/contrib/operators/spark_submit_operator.py", line 22, in <module>
    from airflow.providers.apache.spark.operators.spark_submit import SparkSubmitOperator  # noqa
ModuleNotFoundError: No module named 'airflow.providers.apache'
[2022-06-14 14:38:50,260] {processor.py:653} WARNING - No viable dags retrieved from /opt/airflow/dags/spark-test.py
[2022-06-14 14:38:50,300] {processor.py:161} INFO - Processing /opt/airflow/dags/spark-test.py took 0.081 seconds
[2022-06-14 14:39:20,572] {processor.py:153} INFO - Started process (PID=4194) to work on /opt/airflow/dags/spark-test.py
[2022-06-14 14:39:20,574] {processor.py:641} INFO - Processing file /opt/airflow/dags/spark-test.py for tasks to queue
[2022-06-14 14:39:20,575] {logging_mixin.py:115} INFO - [2022-06-14 14:39:20,575] {dagbag.py:507} INFO - Filling up the DagBag from /opt/airflow/dags/spark-test.py
[2022-06-14 14:39:20,591] {logging_mixin.py:115} INFO - [2022-06-14 14:39:20,589] {dagbag.py:320} ERROR - Failed to import: /opt/airflow/dags/spark-test.py
Traceback (most recent call last):
  File "/home/airflow/.local/lib/python3.7/site-packages/airflow/models/dagbag.py", line 317, in parse
    loader.exec_module(new_module)
  File "<frozen importlib._bootstrap_external>", line 728, in exec_module
  File "<frozen importlib._bootstrap>", line 219, in _call_with_frames_removed
  File "/opt/airflow/dags/spark-test.py", line 3, in <module>
    from airflow.contrib.operators.spark_submit_operator import SparkSubmitOperator
  File "/home/airflow/.local/lib/python3.7/site-packages/airflow/contrib/operators/spark_submit_operator.py", line 22, in <module>
    from airflow.providers.apache.spark.operators.spark_submit import SparkSubmitOperator  # noqa
ModuleNotFoundError: No module named 'airflow.providers.apache'
[2022-06-14 14:39:20,592] {processor.py:653} WARNING - No viable dags retrieved from /opt/airflow/dags/spark-test.py
[2022-06-14 14:39:20,644] {processor.py:161} INFO - Processing /opt/airflow/dags/spark-test.py took 0.075 seconds
[2022-06-14 14:39:51,141] {processor.py:153} INFO - Started process (PID=4262) to work on /opt/airflow/dags/spark-test.py
[2022-06-14 14:39:51,143] {processor.py:641} INFO - Processing file /opt/airflow/dags/spark-test.py for tasks to queue
[2022-06-14 14:39:51,144] {logging_mixin.py:115} INFO - [2022-06-14 14:39:51,144] {dagbag.py:507} INFO - Filling up the DagBag from /opt/airflow/dags/spark-test.py
[2022-06-14 14:39:51,156] {logging_mixin.py:115} INFO - [2022-06-14 14:39:51,155] {dagbag.py:320} ERROR - Failed to import: /opt/airflow/dags/spark-test.py
Traceback (most recent call last):
  File "/home/airflow/.local/lib/python3.7/site-packages/airflow/models/dagbag.py", line 317, in parse
    loader.exec_module(new_module)
  File "<frozen importlib._bootstrap_external>", line 728, in exec_module
  File "<frozen importlib._bootstrap>", line 219, in _call_with_frames_removed
  File "/opt/airflow/dags/spark-test.py", line 3, in <module>
    from airflow.contrib.operators.spark_submit_operator import SparkSubmitOperator
  File "/home/airflow/.local/lib/python3.7/site-packages/airflow/contrib/operators/spark_submit_operator.py", line 22, in <module>
    from airflow.providers.apache.spark.operators.spark_submit import SparkSubmitOperator  # noqa
ModuleNotFoundError: No module named 'airflow.providers.apache'
[2022-06-14 14:39:51,160] {processor.py:653} WARNING - No viable dags retrieved from /opt/airflow/dags/spark-test.py
[2022-06-14 14:39:51,185] {processor.py:161} INFO - Processing /opt/airflow/dags/spark-test.py took 0.049 seconds
[2022-06-14 14:40:22,006] {processor.py:153} INFO - Started process (PID=4332) to work on /opt/airflow/dags/spark-test.py
[2022-06-14 14:40:22,011] {processor.py:641} INFO - Processing file /opt/airflow/dags/spark-test.py for tasks to queue
[2022-06-14 14:40:22,015] {logging_mixin.py:115} INFO - [2022-06-14 14:40:22,015] {dagbag.py:507} INFO - Filling up the DagBag from /opt/airflow/dags/spark-test.py
[2022-06-14 14:40:22,035] {logging_mixin.py:115} INFO - [2022-06-14 14:40:22,031] {dagbag.py:320} ERROR - Failed to import: /opt/airflow/dags/spark-test.py
Traceback (most recent call last):
  File "/home/airflow/.local/lib/python3.7/site-packages/airflow/models/dagbag.py", line 317, in parse
    loader.exec_module(new_module)
  File "<frozen importlib._bootstrap_external>", line 728, in exec_module
  File "<frozen importlib._bootstrap>", line 219, in _call_with_frames_removed
  File "/opt/airflow/dags/spark-test.py", line 3, in <module>
    from airflow.contrib.operators.spark_submit_operator import SparkSubmitOperator
  File "/home/airflow/.local/lib/python3.7/site-packages/airflow/contrib/operators/spark_submit_operator.py", line 22, in <module>
    from airflow.providers.apache.spark.operators.spark_submit import SparkSubmitOperator  # noqa
ModuleNotFoundError: No module named 'airflow.providers.apache'
[2022-06-14 14:40:22,039] {processor.py:653} WARNING - No viable dags retrieved from /opt/airflow/dags/spark-test.py
[2022-06-14 14:40:22,078] {processor.py:161} INFO - Processing /opt/airflow/dags/spark-test.py took 0.077 seconds
[2022-06-14 14:40:52,586] {processor.py:153} INFO - Started process (PID=4389) to work on /opt/airflow/dags/spark-test.py
[2022-06-14 14:40:52,589] {processor.py:641} INFO - Processing file /opt/airflow/dags/spark-test.py for tasks to queue
[2022-06-14 14:40:52,591] {logging_mixin.py:115} INFO - [2022-06-14 14:40:52,591] {dagbag.py:507} INFO - Filling up the DagBag from /opt/airflow/dags/spark-test.py
[2022-06-14 14:40:52,604] {logging_mixin.py:115} INFO - [2022-06-14 14:40:52,602] {dagbag.py:320} ERROR - Failed to import: /opt/airflow/dags/spark-test.py
Traceback (most recent call last):
  File "/home/airflow/.local/lib/python3.7/site-packages/airflow/models/dagbag.py", line 317, in parse
    loader.exec_module(new_module)
  File "<frozen importlib._bootstrap_external>", line 728, in exec_module
  File "<frozen importlib._bootstrap>", line 219, in _call_with_frames_removed
  File "/opt/airflow/dags/spark-test.py", line 3, in <module>
    from airflow.contrib.operators.spark_submit_operator import SparkSubmitOperator
  File "/home/airflow/.local/lib/python3.7/site-packages/airflow/contrib/operators/spark_submit_operator.py", line 22, in <module>
    from airflow.providers.apache.spark.operators.spark_submit import SparkSubmitOperator  # noqa
ModuleNotFoundError: No module named 'airflow.providers.apache'
[2022-06-14 14:40:52,606] {processor.py:653} WARNING - No viable dags retrieved from /opt/airflow/dags/spark-test.py
[2022-06-14 14:40:52,909] {processor.py:161} INFO - Processing /opt/airflow/dags/spark-test.py took 0.329 seconds
[2022-06-14 14:41:23,534] {processor.py:153} INFO - Started process (PID=4458) to work on /opt/airflow/dags/spark-test.py
[2022-06-14 14:41:23,537] {processor.py:641} INFO - Processing file /opt/airflow/dags/spark-test.py for tasks to queue
[2022-06-14 14:41:23,538] {logging_mixin.py:115} INFO - [2022-06-14 14:41:23,538] {dagbag.py:507} INFO - Filling up the DagBag from /opt/airflow/dags/spark-test.py
[2022-06-14 14:41:23,549] {logging_mixin.py:115} INFO - [2022-06-14 14:41:23,547] {dagbag.py:320} ERROR - Failed to import: /opt/airflow/dags/spark-test.py
Traceback (most recent call last):
  File "/home/airflow/.local/lib/python3.7/site-packages/airflow/models/dagbag.py", line 317, in parse
    loader.exec_module(new_module)
  File "<frozen importlib._bootstrap_external>", line 728, in exec_module
  File "<frozen importlib._bootstrap>", line 219, in _call_with_frames_removed
  File "/opt/airflow/dags/spark-test.py", line 3, in <module>
    from airflow.contrib.operators.spark_submit_operator import SparkSubmitOperator
  File "/home/airflow/.local/lib/python3.7/site-packages/airflow/contrib/operators/spark_submit_operator.py", line 22, in <module>
    from airflow.providers.apache.spark.operators.spark_submit import SparkSubmitOperator  # noqa
ModuleNotFoundError: No module named 'airflow.providers.apache'
[2022-06-14 14:41:23,550] {processor.py:653} WARNING - No viable dags retrieved from /opt/airflow/dags/spark-test.py
[2022-06-14 14:41:23,730] {processor.py:161} INFO - Processing /opt/airflow/dags/spark-test.py took 0.204 seconds
[2022-06-14 14:41:53,914] {processor.py:153} INFO - Started process (PID=4526) to work on /opt/airflow/dags/spark-test.py
[2022-06-14 14:41:53,916] {processor.py:641} INFO - Processing file /opt/airflow/dags/spark-test.py for tasks to queue
[2022-06-14 14:41:53,918] {logging_mixin.py:115} INFO - [2022-06-14 14:41:53,918] {dagbag.py:507} INFO - Filling up the DagBag from /opt/airflow/dags/spark-test.py
[2022-06-14 14:41:53,935] {logging_mixin.py:115} INFO - [2022-06-14 14:41:53,932] {dagbag.py:320} ERROR - Failed to import: /opt/airflow/dags/spark-test.py
Traceback (most recent call last):
  File "/home/airflow/.local/lib/python3.7/site-packages/airflow/models/dagbag.py", line 317, in parse
    loader.exec_module(new_module)
  File "<frozen importlib._bootstrap_external>", line 728, in exec_module
  File "<frozen importlib._bootstrap>", line 219, in _call_with_frames_removed
  File "/opt/airflow/dags/spark-test.py", line 3, in <module>
    from airflow.contrib.operators.spark_submit_operator import SparkSubmitOperator
  File "/home/airflow/.local/lib/python3.7/site-packages/airflow/contrib/operators/spark_submit_operator.py", line 22, in <module>
    from airflow.providers.apache.spark.operators.spark_submit import SparkSubmitOperator  # noqa
ModuleNotFoundError: No module named 'airflow.providers.apache'
[2022-06-14 14:41:53,938] {processor.py:653} WARNING - No viable dags retrieved from /opt/airflow/dags/spark-test.py
[2022-06-14 14:41:54,060] {processor.py:161} INFO - Processing /opt/airflow/dags/spark-test.py took 0.152 seconds
[2022-06-14 14:42:24,673] {processor.py:153} INFO - Started process (PID=4593) to work on /opt/airflow/dags/spark-test.py
[2022-06-14 14:42:24,676] {processor.py:641} INFO - Processing file /opt/airflow/dags/spark-test.py for tasks to queue
[2022-06-14 14:42:24,677] {logging_mixin.py:115} INFO - [2022-06-14 14:42:24,677] {dagbag.py:507} INFO - Filling up the DagBag from /opt/airflow/dags/spark-test.py
[2022-06-14 14:42:24,696] {logging_mixin.py:115} INFO - [2022-06-14 14:42:24,693] {dagbag.py:320} ERROR - Failed to import: /opt/airflow/dags/spark-test.py
Traceback (most recent call last):
  File "/home/airflow/.local/lib/python3.7/site-packages/airflow/models/dagbag.py", line 317, in parse
    loader.exec_module(new_module)
  File "<frozen importlib._bootstrap_external>", line 728, in exec_module
  File "<frozen importlib._bootstrap>", line 219, in _call_with_frames_removed
  File "/opt/airflow/dags/spark-test.py", line 3, in <module>
    from airflow.contrib.operators.spark_submit_operator import SparkSubmitOperator
  File "/home/airflow/.local/lib/python3.7/site-packages/airflow/contrib/operators/spark_submit_operator.py", line 22, in <module>
    from airflow.providers.apache.spark.operators.spark_submit import SparkSubmitOperator  # noqa
ModuleNotFoundError: No module named 'airflow.providers.apache'
[2022-06-14 14:42:24,698] {processor.py:653} WARNING - No viable dags retrieved from /opt/airflow/dags/spark-test.py
[2022-06-14 14:42:24,980] {processor.py:161} INFO - Processing /opt/airflow/dags/spark-test.py took 0.313 seconds
[2022-06-14 14:42:55,910] {processor.py:153} INFO - Started process (PID=4661) to work on /opt/airflow/dags/spark-test.py
[2022-06-14 14:42:55,913] {processor.py:641} INFO - Processing file /opt/airflow/dags/spark-test.py for tasks to queue
[2022-06-14 14:42:55,914] {logging_mixin.py:115} INFO - [2022-06-14 14:42:55,914] {dagbag.py:507} INFO - Filling up the DagBag from /opt/airflow/dags/spark-test.py
[2022-06-14 14:42:55,927] {logging_mixin.py:115} INFO - [2022-06-14 14:42:55,924] {dagbag.py:320} ERROR - Failed to import: /opt/airflow/dags/spark-test.py
Traceback (most recent call last):
  File "/home/airflow/.local/lib/python3.7/site-packages/airflow/models/dagbag.py", line 317, in parse
    loader.exec_module(new_module)
  File "<frozen importlib._bootstrap_external>", line 728, in exec_module
  File "<frozen importlib._bootstrap>", line 219, in _call_with_frames_removed
  File "/opt/airflow/dags/spark-test.py", line 3, in <module>
    from airflow.contrib.operators.spark_submit_operator import SparkSubmitOperator
  File "/home/airflow/.local/lib/python3.7/site-packages/airflow/contrib/operators/spark_submit_operator.py", line 22, in <module>
    from airflow.providers.apache.spark.operators.spark_submit import SparkSubmitOperator  # noqa
ModuleNotFoundError: No module named 'airflow.providers.apache'
[2022-06-14 14:42:55,928] {processor.py:653} WARNING - No viable dags retrieved from /opt/airflow/dags/spark-test.py
[2022-06-14 14:42:56,098] {processor.py:161} INFO - Processing /opt/airflow/dags/spark-test.py took 0.195 seconds
[2022-06-14 14:43:26,351] {processor.py:153} INFO - Started process (PID=4717) to work on /opt/airflow/dags/spark-test.py
[2022-06-14 14:43:26,355] {processor.py:641} INFO - Processing file /opt/airflow/dags/spark-test.py for tasks to queue
[2022-06-14 14:43:26,357] {logging_mixin.py:115} INFO - [2022-06-14 14:43:26,357] {dagbag.py:507} INFO - Filling up the DagBag from /opt/airflow/dags/spark-test.py
[2022-06-14 14:43:26,383] {logging_mixin.py:115} INFO - [2022-06-14 14:43:26,376] {dagbag.py:320} ERROR - Failed to import: /opt/airflow/dags/spark-test.py
Traceback (most recent call last):
  File "/home/airflow/.local/lib/python3.7/site-packages/airflow/models/dagbag.py", line 317, in parse
    loader.exec_module(new_module)
  File "<frozen importlib._bootstrap_external>", line 728, in exec_module
  File "<frozen importlib._bootstrap>", line 219, in _call_with_frames_removed
  File "/opt/airflow/dags/spark-test.py", line 3, in <module>
    from airflow.contrib.operators.spark_submit_operator import SparkSubmitOperator
  File "/home/airflow/.local/lib/python3.7/site-packages/airflow/contrib/operators/spark_submit_operator.py", line 22, in <module>
    from airflow.providers.apache.spark.operators.spark_submit import SparkSubmitOperator  # noqa
ModuleNotFoundError: No module named 'airflow.providers.apache'
[2022-06-14 14:43:26,390] {processor.py:653} WARNING - No viable dags retrieved from /opt/airflow/dags/spark-test.py
[2022-06-14 14:43:26,835] {processor.py:161} INFO - Processing /opt/airflow/dags/spark-test.py took 0.493 seconds
[2022-06-14 14:43:57,156] {processor.py:153} INFO - Started process (PID=4787) to work on /opt/airflow/dags/spark-test.py
[2022-06-14 14:43:57,160] {processor.py:641} INFO - Processing file /opt/airflow/dags/spark-test.py for tasks to queue
[2022-06-14 14:43:57,162] {logging_mixin.py:115} INFO - [2022-06-14 14:43:57,162] {dagbag.py:507} INFO - Filling up the DagBag from /opt/airflow/dags/spark-test.py
[2022-06-14 14:43:57,177] {logging_mixin.py:115} INFO - [2022-06-14 14:43:57,173] {dagbag.py:320} ERROR - Failed to import: /opt/airflow/dags/spark-test.py
Traceback (most recent call last):
  File "/home/airflow/.local/lib/python3.7/site-packages/airflow/models/dagbag.py", line 317, in parse
    loader.exec_module(new_module)
  File "<frozen importlib._bootstrap_external>", line 728, in exec_module
  File "<frozen importlib._bootstrap>", line 219, in _call_with_frames_removed
  File "/opt/airflow/dags/spark-test.py", line 3, in <module>
    from airflow.contrib.operators.spark_submit_operator import SparkSubmitOperator
  File "/home/airflow/.local/lib/python3.7/site-packages/airflow/contrib/operators/spark_submit_operator.py", line 22, in <module>
    from airflow.providers.apache.spark.operators.spark_submit import SparkSubmitOperator  # noqa
ModuleNotFoundError: No module named 'airflow.providers.apache'
[2022-06-14 14:43:57,180] {processor.py:653} WARNING - No viable dags retrieved from /opt/airflow/dags/spark-test.py
[2022-06-14 14:43:57,325] {processor.py:161} INFO - Processing /opt/airflow/dags/spark-test.py took 0.175 seconds
[2022-06-14 14:44:27,434] {processor.py:153} INFO - Started process (PID=4853) to work on /opt/airflow/dags/spark-test.py
[2022-06-14 14:44:27,435] {processor.py:641} INFO - Processing file /opt/airflow/dags/spark-test.py for tasks to queue
[2022-06-14 14:44:27,436] {logging_mixin.py:115} INFO - [2022-06-14 14:44:27,436] {dagbag.py:507} INFO - Filling up the DagBag from /opt/airflow/dags/spark-test.py
[2022-06-14 14:44:27,451] {logging_mixin.py:115} INFO - [2022-06-14 14:44:27,449] {dagbag.py:320} ERROR - Failed to import: /opt/airflow/dags/spark-test.py
Traceback (most recent call last):
  File "/home/airflow/.local/lib/python3.7/site-packages/airflow/models/dagbag.py", line 317, in parse
    loader.exec_module(new_module)
  File "<frozen importlib._bootstrap_external>", line 728, in exec_module
  File "<frozen importlib._bootstrap>", line 219, in _call_with_frames_removed
  File "/opt/airflow/dags/spark-test.py", line 3, in <module>
    from airflow.contrib.operators.spark_submit_operator import SparkSubmitOperator
  File "/home/airflow/.local/lib/python3.7/site-packages/airflow/contrib/operators/spark_submit_operator.py", line 22, in <module>
    from airflow.providers.apache.spark.operators.spark_submit import SparkSubmitOperator  # noqa
ModuleNotFoundError: No module named 'airflow.providers.apache'
[2022-06-14 14:44:27,453] {processor.py:653} WARNING - No viable dags retrieved from /opt/airflow/dags/spark-test.py
[2022-06-14 14:44:27,652] {processor.py:161} INFO - Processing /opt/airflow/dags/spark-test.py took 0.222 seconds
[2022-06-14 14:44:57,798] {processor.py:153} INFO - Started process (PID=4916) to work on /opt/airflow/dags/spark-test.py
[2022-06-14 14:44:57,800] {processor.py:641} INFO - Processing file /opt/airflow/dags/spark-test.py for tasks to queue
[2022-06-14 14:44:57,802] {logging_mixin.py:115} INFO - [2022-06-14 14:44:57,802] {dagbag.py:507} INFO - Filling up the DagBag from /opt/airflow/dags/spark-test.py
[2022-06-14 14:44:57,818] {logging_mixin.py:115} INFO - [2022-06-14 14:44:57,815] {dagbag.py:320} ERROR - Failed to import: /opt/airflow/dags/spark-test.py
Traceback (most recent call last):
  File "/home/airflow/.local/lib/python3.7/site-packages/airflow/models/dagbag.py", line 317, in parse
    loader.exec_module(new_module)
  File "<frozen importlib._bootstrap_external>", line 728, in exec_module
  File "<frozen importlib._bootstrap>", line 219, in _call_with_frames_removed
  File "/opt/airflow/dags/spark-test.py", line 3, in <module>
    from airflow.contrib.operators.spark_submit_operator import SparkSubmitOperator
  File "/home/airflow/.local/lib/python3.7/site-packages/airflow/contrib/operators/spark_submit_operator.py", line 22, in <module>
    from airflow.providers.apache.spark.operators.spark_submit import SparkSubmitOperator  # noqa
ModuleNotFoundError: No module named 'airflow.providers.apache'
[2022-06-14 14:44:57,820] {processor.py:653} WARNING - No viable dags retrieved from /opt/airflow/dags/spark-test.py
[2022-06-14 14:44:57,937] {processor.py:161} INFO - Processing /opt/airflow/dags/spark-test.py took 0.145 seconds
[2022-06-14 14:45:28,841] {processor.py:153} INFO - Started process (PID=4984) to work on /opt/airflow/dags/spark-test.py
[2022-06-14 14:45:28,844] {processor.py:641} INFO - Processing file /opt/airflow/dags/spark-test.py for tasks to queue
[2022-06-14 14:45:28,845] {logging_mixin.py:115} INFO - [2022-06-14 14:45:28,845] {dagbag.py:507} INFO - Filling up the DagBag from /opt/airflow/dags/spark-test.py
[2022-06-14 14:45:28,857] {logging_mixin.py:115} INFO - [2022-06-14 14:45:28,854] {dagbag.py:320} ERROR - Failed to import: /opt/airflow/dags/spark-test.py
Traceback (most recent call last):
  File "/home/airflow/.local/lib/python3.7/site-packages/airflow/models/dagbag.py", line 317, in parse
    loader.exec_module(new_module)
  File "<frozen importlib._bootstrap_external>", line 728, in exec_module
  File "<frozen importlib._bootstrap>", line 219, in _call_with_frames_removed
  File "/opt/airflow/dags/spark-test.py", line 3, in <module>
    from airflow.contrib.operators.spark_submit_operator import SparkSubmitOperator
  File "/home/airflow/.local/lib/python3.7/site-packages/airflow/contrib/operators/spark_submit_operator.py", line 22, in <module>
    from airflow.providers.apache.spark.operators.spark_submit import SparkSubmitOperator  # noqa
ModuleNotFoundError: No module named 'airflow.providers.apache'
[2022-06-14 14:45:28,858] {processor.py:653} WARNING - No viable dags retrieved from /opt/airflow/dags/spark-test.py
[2022-06-14 14:45:28,965] {processor.py:161} INFO - Processing /opt/airflow/dags/spark-test.py took 0.132 seconds
[2022-06-14 14:45:59,798] {processor.py:153} INFO - Started process (PID=5049) to work on /opt/airflow/dags/spark-test.py
[2022-06-14 14:45:59,800] {processor.py:641} INFO - Processing file /opt/airflow/dags/spark-test.py for tasks to queue
[2022-06-14 14:45:59,802] {logging_mixin.py:115} INFO - [2022-06-14 14:45:59,802] {dagbag.py:507} INFO - Filling up the DagBag from /opt/airflow/dags/spark-test.py
[2022-06-14 14:45:59,818] {logging_mixin.py:115} INFO - [2022-06-14 14:45:59,814] {dagbag.py:320} ERROR - Failed to import: /opt/airflow/dags/spark-test.py
Traceback (most recent call last):
  File "/home/airflow/.local/lib/python3.7/site-packages/airflow/models/dagbag.py", line 317, in parse
    loader.exec_module(new_module)
  File "<frozen importlib._bootstrap_external>", line 728, in exec_module
  File "<frozen importlib._bootstrap>", line 219, in _call_with_frames_removed
  File "/opt/airflow/dags/spark-test.py", line 3, in <module>
    from airflow.contrib.operators.spark_submit_operator import SparkSubmitOperator
  File "/home/airflow/.local/lib/python3.7/site-packages/airflow/contrib/operators/spark_submit_operator.py", line 22, in <module>
    from airflow.providers.apache.spark.operators.spark_submit import SparkSubmitOperator  # noqa
ModuleNotFoundError: No module named 'airflow.providers.apache'
[2022-06-14 14:45:59,819] {processor.py:653} WARNING - No viable dags retrieved from /opt/airflow/dags/spark-test.py
[2022-06-14 14:45:59,997] {processor.py:161} INFO - Processing /opt/airflow/dags/spark-test.py took 0.204 seconds
[2022-06-14 14:46:30,278] {processor.py:153} INFO - Started process (PID=5110) to work on /opt/airflow/dags/spark-test.py
[2022-06-14 14:46:30,281] {processor.py:641} INFO - Processing file /opt/airflow/dags/spark-test.py for tasks to queue
[2022-06-14 14:46:30,282] {logging_mixin.py:115} INFO - [2022-06-14 14:46:30,282] {dagbag.py:507} INFO - Filling up the DagBag from /opt/airflow/dags/spark-test.py
[2022-06-14 14:46:30,296] {logging_mixin.py:115} INFO - [2022-06-14 14:46:30,293] {dagbag.py:320} ERROR - Failed to import: /opt/airflow/dags/spark-test.py
Traceback (most recent call last):
  File "/home/airflow/.local/lib/python3.7/site-packages/airflow/models/dagbag.py", line 317, in parse
    loader.exec_module(new_module)
  File "<frozen importlib._bootstrap_external>", line 728, in exec_module
  File "<frozen importlib._bootstrap>", line 219, in _call_with_frames_removed
  File "/opt/airflow/dags/spark-test.py", line 3, in <module>
    from airflow.contrib.operators.spark_submit_operator import SparkSubmitOperator
  File "/home/airflow/.local/lib/python3.7/site-packages/airflow/contrib/operators/spark_submit_operator.py", line 22, in <module>
    from airflow.providers.apache.spark.operators.spark_submit import SparkSubmitOperator  # noqa
ModuleNotFoundError: No module named 'airflow.providers.apache'
[2022-06-14 14:46:30,298] {processor.py:653} WARNING - No viable dags retrieved from /opt/airflow/dags/spark-test.py
[2022-06-14 14:46:30,404] {processor.py:161} INFO - Processing /opt/airflow/dags/spark-test.py took 0.130 seconds
[2022-06-14 14:47:01,401] {processor.py:153} INFO - Started process (PID=5177) to work on /opt/airflow/dags/spark-test.py
[2022-06-14 14:47:01,403] {processor.py:641} INFO - Processing file /opt/airflow/dags/spark-test.py for tasks to queue
[2022-06-14 14:47:01,404] {logging_mixin.py:115} INFO - [2022-06-14 14:47:01,404] {dagbag.py:507} INFO - Filling up the DagBag from /opt/airflow/dags/spark-test.py
[2022-06-14 14:47:01,413] {logging_mixin.py:115} INFO - [2022-06-14 14:47:01,411] {dagbag.py:320} ERROR - Failed to import: /opt/airflow/dags/spark-test.py
Traceback (most recent call last):
  File "/home/airflow/.local/lib/python3.7/site-packages/airflow/models/dagbag.py", line 317, in parse
    loader.exec_module(new_module)
  File "<frozen importlib._bootstrap_external>", line 728, in exec_module
  File "<frozen importlib._bootstrap>", line 219, in _call_with_frames_removed
  File "/opt/airflow/dags/spark-test.py", line 3, in <module>
    from airflow.contrib.operators.spark_submit_operator import SparkSubmitOperator
  File "/home/airflow/.local/lib/python3.7/site-packages/airflow/contrib/operators/spark_submit_operator.py", line 22, in <module>
    from airflow.providers.apache.spark.operators.spark_submit import SparkSubmitOperator  # noqa
ModuleNotFoundError: No module named 'airflow.providers.apache'
[2022-06-14 14:47:01,414] {processor.py:653} WARNING - No viable dags retrieved from /opt/airflow/dags/spark-test.py
[2022-06-14 14:47:01,682] {processor.py:161} INFO - Processing /opt/airflow/dags/spark-test.py took 0.284 seconds
[2022-06-14 14:47:32,298] {processor.py:153} INFO - Started process (PID=5244) to work on /opt/airflow/dags/spark-test.py
[2022-06-14 14:47:32,300] {processor.py:641} INFO - Processing file /opt/airflow/dags/spark-test.py for tasks to queue
[2022-06-14 14:47:32,302] {logging_mixin.py:115} INFO - [2022-06-14 14:47:32,302] {dagbag.py:507} INFO - Filling up the DagBag from /opt/airflow/dags/spark-test.py
[2022-06-14 14:47:32,314] {logging_mixin.py:115} INFO - [2022-06-14 14:47:32,313] {dagbag.py:320} ERROR - Failed to import: /opt/airflow/dags/spark-test.py
Traceback (most recent call last):
  File "/home/airflow/.local/lib/python3.7/site-packages/airflow/models/dagbag.py", line 317, in parse
    loader.exec_module(new_module)
  File "<frozen importlib._bootstrap_external>", line 728, in exec_module
  File "<frozen importlib._bootstrap>", line 219, in _call_with_frames_removed
  File "/opt/airflow/dags/spark-test.py", line 3, in <module>
    from airflow.contrib.operators.spark_submit_operator import SparkSubmitOperator
  File "/home/airflow/.local/lib/python3.7/site-packages/airflow/contrib/operators/spark_submit_operator.py", line 22, in <module>
    from airflow.providers.apache.spark.operators.spark_submit import SparkSubmitOperator  # noqa
ModuleNotFoundError: No module named 'airflow.providers.apache'
[2022-06-14 14:47:32,316] {processor.py:653} WARNING - No viable dags retrieved from /opt/airflow/dags/spark-test.py
[2022-06-14 14:47:32,557] {processor.py:161} INFO - Processing /opt/airflow/dags/spark-test.py took 0.261 seconds
[2022-06-14 14:48:02,651] {processor.py:153} INFO - Started process (PID=5311) to work on /opt/airflow/dags/spark-test.py
[2022-06-14 14:48:02,654] {processor.py:641} INFO - Processing file /opt/airflow/dags/spark-test.py for tasks to queue
[2022-06-14 14:48:02,656] {logging_mixin.py:115} INFO - [2022-06-14 14:48:02,656] {dagbag.py:507} INFO - Filling up the DagBag from /opt/airflow/dags/spark-test.py
[2022-06-14 14:48:02,671] {logging_mixin.py:115} INFO - [2022-06-14 14:48:02,669] {dagbag.py:320} ERROR - Failed to import: /opt/airflow/dags/spark-test.py
Traceback (most recent call last):
  File "/home/airflow/.local/lib/python3.7/site-packages/airflow/models/dagbag.py", line 317, in parse
    loader.exec_module(new_module)
  File "<frozen importlib._bootstrap_external>", line 728, in exec_module
  File "<frozen importlib._bootstrap>", line 219, in _call_with_frames_removed
  File "/opt/airflow/dags/spark-test.py", line 3, in <module>
    from airflow.contrib.operators.spark_submit_operator import SparkSubmitOperator
  File "/home/airflow/.local/lib/python3.7/site-packages/airflow/contrib/operators/spark_submit_operator.py", line 22, in <module>
    from airflow.providers.apache.spark.operators.spark_submit import SparkSubmitOperator  # noqa
ModuleNotFoundError: No module named 'airflow.providers.apache'
[2022-06-14 14:48:02,672] {processor.py:653} WARNING - No viable dags retrieved from /opt/airflow/dags/spark-test.py
[2022-06-14 14:48:02,837] {processor.py:161} INFO - Processing /opt/airflow/dags/spark-test.py took 0.193 seconds
[2022-06-14 14:48:33,702] {processor.py:153} INFO - Started process (PID=5378) to work on /opt/airflow/dags/spark-test.py
[2022-06-14 14:48:33,704] {processor.py:641} INFO - Processing file /opt/airflow/dags/spark-test.py for tasks to queue
[2022-06-14 14:48:33,705] {logging_mixin.py:115} INFO - [2022-06-14 14:48:33,705] {dagbag.py:507} INFO - Filling up the DagBag from /opt/airflow/dags/spark-test.py
[2022-06-14 14:48:33,721] {logging_mixin.py:115} INFO - [2022-06-14 14:48:33,717] {dagbag.py:320} ERROR - Failed to import: /opt/airflow/dags/spark-test.py
Traceback (most recent call last):
  File "/home/airflow/.local/lib/python3.7/site-packages/airflow/models/dagbag.py", line 317, in parse
    loader.exec_module(new_module)
  File "<frozen importlib._bootstrap_external>", line 728, in exec_module
  File "<frozen importlib._bootstrap>", line 219, in _call_with_frames_removed
  File "/opt/airflow/dags/spark-test.py", line 3, in <module>
    from airflow.contrib.operators.spark_submit_operator import SparkSubmitOperator
  File "/home/airflow/.local/lib/python3.7/site-packages/airflow/contrib/operators/spark_submit_operator.py", line 22, in <module>
    from airflow.providers.apache.spark.operators.spark_submit import SparkSubmitOperator  # noqa
ModuleNotFoundError: No module named 'airflow.providers.apache'
[2022-06-14 14:48:33,722] {processor.py:653} WARNING - No viable dags retrieved from /opt/airflow/dags/spark-test.py
[2022-06-14 14:48:33,834] {processor.py:161} INFO - Processing /opt/airflow/dags/spark-test.py took 0.138 seconds
[2022-06-14 14:49:04,510] {processor.py:153} INFO - Started process (PID=5434) to work on /opt/airflow/dags/spark-test.py
[2022-06-14 14:49:04,513] {processor.py:641} INFO - Processing file /opt/airflow/dags/spark-test.py for tasks to queue
[2022-06-14 14:49:04,515] {logging_mixin.py:115} INFO - [2022-06-14 14:49:04,514] {dagbag.py:507} INFO - Filling up the DagBag from /opt/airflow/dags/spark-test.py
[2022-06-14 14:49:04,529] {logging_mixin.py:115} INFO - [2022-06-14 14:49:04,526] {dagbag.py:320} ERROR - Failed to import: /opt/airflow/dags/spark-test.py
Traceback (most recent call last):
  File "/home/airflow/.local/lib/python3.7/site-packages/airflow/models/dagbag.py", line 317, in parse
    loader.exec_module(new_module)
  File "<frozen importlib._bootstrap_external>", line 728, in exec_module
  File "<frozen importlib._bootstrap>", line 219, in _call_with_frames_removed
  File "/opt/airflow/dags/spark-test.py", line 3, in <module>
    from airflow.contrib.operators.spark_submit_operator import SparkSubmitOperator
  File "/home/airflow/.local/lib/python3.7/site-packages/airflow/contrib/operators/spark_submit_operator.py", line 22, in <module>
    from airflow.providers.apache.spark.operators.spark_submit import SparkSubmitOperator  # noqa
ModuleNotFoundError: No module named 'airflow.providers.apache'
[2022-06-14 14:49:04,531] {processor.py:653} WARNING - No viable dags retrieved from /opt/airflow/dags/spark-test.py
[2022-06-14 14:49:04,655] {processor.py:161} INFO - Processing /opt/airflow/dags/spark-test.py took 0.153 seconds
[2022-06-14 14:49:35,124] {processor.py:153} INFO - Started process (PID=5504) to work on /opt/airflow/dags/spark-test.py
[2022-06-14 14:49:35,127] {processor.py:641} INFO - Processing file /opt/airflow/dags/spark-test.py for tasks to queue
[2022-06-14 14:49:35,129] {logging_mixin.py:115} INFO - [2022-06-14 14:49:35,129] {dagbag.py:507} INFO - Filling up the DagBag from /opt/airflow/dags/spark-test.py
[2022-06-14 14:49:35,147] {logging_mixin.py:115} INFO - [2022-06-14 14:49:35,144] {dagbag.py:320} ERROR - Failed to import: /opt/airflow/dags/spark-test.py
Traceback (most recent call last):
  File "/home/airflow/.local/lib/python3.7/site-packages/airflow/models/dagbag.py", line 317, in parse
    loader.exec_module(new_module)
  File "<frozen importlib._bootstrap_external>", line 728, in exec_module
  File "<frozen importlib._bootstrap>", line 219, in _call_with_frames_removed
  File "/opt/airflow/dags/spark-test.py", line 3, in <module>
    from airflow.contrib.operators.spark_submit_operator import SparkSubmitOperator
  File "/home/airflow/.local/lib/python3.7/site-packages/airflow/contrib/operators/spark_submit_operator.py", line 22, in <module>
    from airflow.providers.apache.spark.operators.spark_submit import SparkSubmitOperator  # noqa
ModuleNotFoundError: No module named 'airflow.providers.apache'
[2022-06-14 14:49:35,149] {processor.py:653} WARNING - No viable dags retrieved from /opt/airflow/dags/spark-test.py
[2022-06-14 14:49:35,264] {processor.py:161} INFO - Processing /opt/airflow/dags/spark-test.py took 0.149 seconds
[2022-06-14 14:50:05,984] {processor.py:153} INFO - Started process (PID=5570) to work on /opt/airflow/dags/spark-test.py
[2022-06-14 14:50:05,986] {processor.py:641} INFO - Processing file /opt/airflow/dags/spark-test.py for tasks to queue
[2022-06-14 14:50:05,988] {logging_mixin.py:115} INFO - [2022-06-14 14:50:05,988] {dagbag.py:507} INFO - Filling up the DagBag from /opt/airflow/dags/spark-test.py
[2022-06-14 14:50:06,000] {logging_mixin.py:115} INFO - [2022-06-14 14:50:05,998] {dagbag.py:320} ERROR - Failed to import: /opt/airflow/dags/spark-test.py
Traceback (most recent call last):
  File "/home/airflow/.local/lib/python3.7/site-packages/airflow/models/dagbag.py", line 317, in parse
    loader.exec_module(new_module)
  File "<frozen importlib._bootstrap_external>", line 728, in exec_module
  File "<frozen importlib._bootstrap>", line 219, in _call_with_frames_removed
  File "/opt/airflow/dags/spark-test.py", line 3, in <module>
    from airflow.contrib.operators.spark_submit_operator import SparkSubmitOperator
  File "/home/airflow/.local/lib/python3.7/site-packages/airflow/contrib/operators/spark_submit_operator.py", line 22, in <module>
    from airflow.providers.apache.spark.operators.spark_submit import SparkSubmitOperator  # noqa
ModuleNotFoundError: No module named 'airflow.providers.apache'
[2022-06-14 14:50:06,001] {processor.py:653} WARNING - No viable dags retrieved from /opt/airflow/dags/spark-test.py
[2022-06-14 14:50:06,142] {processor.py:161} INFO - Processing /opt/airflow/dags/spark-test.py took 0.170 seconds
[2022-06-14 14:50:36,355] {processor.py:153} INFO - Started process (PID=5638) to work on /opt/airflow/dags/spark-test.py
[2022-06-14 14:50:36,357] {processor.py:641} INFO - Processing file /opt/airflow/dags/spark-test.py for tasks to queue
[2022-06-14 14:50:36,359] {logging_mixin.py:115} INFO - [2022-06-14 14:50:36,359] {dagbag.py:507} INFO - Filling up the DagBag from /opt/airflow/dags/spark-test.py
[2022-06-14 14:50:36,371] {logging_mixin.py:115} INFO - [2022-06-14 14:50:36,369] {dagbag.py:320} ERROR - Failed to import: /opt/airflow/dags/spark-test.py
Traceback (most recent call last):
  File "/home/airflow/.local/lib/python3.7/site-packages/airflow/models/dagbag.py", line 317, in parse
    loader.exec_module(new_module)
  File "<frozen importlib._bootstrap_external>", line 728, in exec_module
  File "<frozen importlib._bootstrap>", line 219, in _call_with_frames_removed
  File "/opt/airflow/dags/spark-test.py", line 3, in <module>
    from airflow.contrib.operators.spark_submit_operator import SparkSubmitOperator
  File "/home/airflow/.local/lib/python3.7/site-packages/airflow/contrib/operators/spark_submit_operator.py", line 22, in <module>
    from airflow.providers.apache.spark.operators.spark_submit import SparkSubmitOperator  # noqa
ModuleNotFoundError: No module named 'airflow.providers.apache'
[2022-06-14 14:50:36,374] {processor.py:653} WARNING - No viable dags retrieved from /opt/airflow/dags/spark-test.py
[2022-06-14 14:50:36,528] {processor.py:161} INFO - Processing /opt/airflow/dags/spark-test.py took 0.181 seconds
[2022-06-14 14:51:06,902] {processor.py:153} INFO - Started process (PID=5706) to work on /opt/airflow/dags/spark-test.py
[2022-06-14 14:51:06,907] {processor.py:641} INFO - Processing file /opt/airflow/dags/spark-test.py for tasks to queue
[2022-06-14 14:51:06,909] {logging_mixin.py:115} INFO - [2022-06-14 14:51:06,909] {dagbag.py:507} INFO - Filling up the DagBag from /opt/airflow/dags/spark-test.py
[2022-06-14 14:51:06,923] {logging_mixin.py:115} INFO - [2022-06-14 14:51:06,920] {dagbag.py:320} ERROR - Failed to import: /opt/airflow/dags/spark-test.py
Traceback (most recent call last):
  File "/home/airflow/.local/lib/python3.7/site-packages/airflow/models/dagbag.py", line 317, in parse
    loader.exec_module(new_module)
  File "<frozen importlib._bootstrap_external>", line 728, in exec_module
  File "<frozen importlib._bootstrap>", line 219, in _call_with_frames_removed
  File "/opt/airflow/dags/spark-test.py", line 3, in <module>
    from airflow.contrib.operators.spark_submit_operator import SparkSubmitOperator
  File "/home/airflow/.local/lib/python3.7/site-packages/airflow/contrib/operators/spark_submit_operator.py", line 22, in <module>
    from airflow.providers.apache.spark.operators.spark_submit import SparkSubmitOperator  # noqa
ModuleNotFoundError: No module named 'airflow.providers.apache'
[2022-06-14 14:51:06,924] {processor.py:653} WARNING - No viable dags retrieved from /opt/airflow/dags/spark-test.py
[2022-06-14 14:51:06,949] {processor.py:161} INFO - Processing /opt/airflow/dags/spark-test.py took 0.052 seconds
[2022-06-14 14:51:37,695] {processor.py:153} INFO - Started process (PID=5775) to work on /opt/airflow/dags/spark-test.py
[2022-06-14 14:51:37,697] {processor.py:641} INFO - Processing file /opt/airflow/dags/spark-test.py for tasks to queue
[2022-06-14 14:51:37,698] {logging_mixin.py:115} INFO - [2022-06-14 14:51:37,698] {dagbag.py:507} INFO - Filling up the DagBag from /opt/airflow/dags/spark-test.py
[2022-06-14 14:51:37,708] {logging_mixin.py:115} INFO - [2022-06-14 14:51:37,706] {dagbag.py:320} ERROR - Failed to import: /opt/airflow/dags/spark-test.py
Traceback (most recent call last):
  File "/home/airflow/.local/lib/python3.7/site-packages/airflow/models/dagbag.py", line 317, in parse
    loader.exec_module(new_module)
  File "<frozen importlib._bootstrap_external>", line 728, in exec_module
  File "<frozen importlib._bootstrap>", line 219, in _call_with_frames_removed
  File "/opt/airflow/dags/spark-test.py", line 3, in <module>
    from airflow.contrib.operators.spark_submit_operator import SparkSubmitOperator
  File "/home/airflow/.local/lib/python3.7/site-packages/airflow/contrib/operators/spark_submit_operator.py", line 22, in <module>
    from airflow.providers.apache.spark.operators.spark_submit import SparkSubmitOperator  # noqa
ModuleNotFoundError: No module named 'airflow.providers.apache'
[2022-06-14 14:51:37,710] {processor.py:653} WARNING - No viable dags retrieved from /opt/airflow/dags/spark-test.py
[2022-06-14 14:51:37,737] {processor.py:161} INFO - Processing /opt/airflow/dags/spark-test.py took 0.050 seconds
[2022-06-14 14:52:07,841] {processor.py:153} INFO - Started process (PID=5832) to work on /opt/airflow/dags/spark-test.py
[2022-06-14 14:52:07,844] {processor.py:641} INFO - Processing file /opt/airflow/dags/spark-test.py for tasks to queue
[2022-06-14 14:52:07,846] {logging_mixin.py:115} INFO - [2022-06-14 14:52:07,846] {dagbag.py:507} INFO - Filling up the DagBag from /opt/airflow/dags/spark-test.py
[2022-06-14 14:52:07,858] {logging_mixin.py:115} INFO - [2022-06-14 14:52:07,856] {dagbag.py:320} ERROR - Failed to import: /opt/airflow/dags/spark-test.py
Traceback (most recent call last):
  File "/home/airflow/.local/lib/python3.7/site-packages/airflow/models/dagbag.py", line 317, in parse
    loader.exec_module(new_module)
  File "<frozen importlib._bootstrap_external>", line 728, in exec_module
  File "<frozen importlib._bootstrap>", line 219, in _call_with_frames_removed
  File "/opt/airflow/dags/spark-test.py", line 3, in <module>
    from airflow.contrib.operators.spark_submit_operator import SparkSubmitOperator
  File "/home/airflow/.local/lib/python3.7/site-packages/airflow/contrib/operators/spark_submit_operator.py", line 22, in <module>
    from airflow.providers.apache.spark.operators.spark_submit import SparkSubmitOperator  # noqa
ModuleNotFoundError: No module named 'airflow.providers.apache'
[2022-06-14 14:52:07,859] {processor.py:653} WARNING - No viable dags retrieved from /opt/airflow/dags/spark-test.py
[2022-06-14 14:52:07,880] {processor.py:161} INFO - Processing /opt/airflow/dags/spark-test.py took 0.044 seconds
[2022-06-14 14:52:38,785] {processor.py:153} INFO - Started process (PID=5902) to work on /opt/airflow/dags/spark-test.py
[2022-06-14 14:52:38,788] {processor.py:641} INFO - Processing file /opt/airflow/dags/spark-test.py for tasks to queue
[2022-06-14 14:52:38,791] {logging_mixin.py:115} INFO - [2022-06-14 14:52:38,791] {dagbag.py:507} INFO - Filling up the DagBag from /opt/airflow/dags/spark-test.py
[2022-06-14 14:52:38,808] {logging_mixin.py:115} INFO - [2022-06-14 14:52:38,805] {dagbag.py:320} ERROR - Failed to import: /opt/airflow/dags/spark-test.py
Traceback (most recent call last):
  File "/home/airflow/.local/lib/python3.7/site-packages/airflow/models/dagbag.py", line 317, in parse
    loader.exec_module(new_module)
  File "<frozen importlib._bootstrap_external>", line 728, in exec_module
  File "<frozen importlib._bootstrap>", line 219, in _call_with_frames_removed
  File "/opt/airflow/dags/spark-test.py", line 3, in <module>
    from airflow.contrib.operators.spark_submit_operator import SparkSubmitOperator
  File "/home/airflow/.local/lib/python3.7/site-packages/airflow/contrib/operators/spark_submit_operator.py", line 22, in <module>
    from airflow.providers.apache.spark.operators.spark_submit import SparkSubmitOperator  # noqa
ModuleNotFoundError: No module named 'airflow.providers.apache'
[2022-06-14 14:52:38,809] {processor.py:653} WARNING - No viable dags retrieved from /opt/airflow/dags/spark-test.py
[2022-06-14 14:52:38,827] {processor.py:161} INFO - Processing /opt/airflow/dags/spark-test.py took 0.047 seconds
[2022-06-14 14:53:08,865] {processor.py:153} INFO - Started process (PID=5966) to work on /opt/airflow/dags/spark-test.py
[2022-06-14 14:53:08,867] {processor.py:641} INFO - Processing file /opt/airflow/dags/spark-test.py for tasks to queue
[2022-06-14 14:53:08,869] {logging_mixin.py:115} INFO - [2022-06-14 14:53:08,869] {dagbag.py:507} INFO - Filling up the DagBag from /opt/airflow/dags/spark-test.py
[2022-06-14 14:53:08,880] {logging_mixin.py:115} INFO - [2022-06-14 14:53:08,878] {dagbag.py:320} ERROR - Failed to import: /opt/airflow/dags/spark-test.py
Traceback (most recent call last):
  File "/home/airflow/.local/lib/python3.7/site-packages/airflow/models/dagbag.py", line 317, in parse
    loader.exec_module(new_module)
  File "<frozen importlib._bootstrap_external>", line 728, in exec_module
  File "<frozen importlib._bootstrap>", line 219, in _call_with_frames_removed
  File "/opt/airflow/dags/spark-test.py", line 3, in <module>
    from airflow.contrib.operators.spark_submit_operator import SparkSubmitOperator
  File "/home/airflow/.local/lib/python3.7/site-packages/airflow/contrib/operators/spark_submit_operator.py", line 22, in <module>
    from airflow.providers.apache.spark.operators.spark_submit import SparkSubmitOperator  # noqa
ModuleNotFoundError: No module named 'airflow.providers.apache'
[2022-06-14 14:53:08,882] {processor.py:653} WARNING - No viable dags retrieved from /opt/airflow/dags/spark-test.py
[2022-06-14 14:53:08,898] {processor.py:161} INFO - Processing /opt/airflow/dags/spark-test.py took 0.037 seconds
[2022-06-14 14:53:39,840] {processor.py:153} INFO - Started process (PID=6034) to work on /opt/airflow/dags/spark-test.py
[2022-06-14 14:53:39,843] {processor.py:641} INFO - Processing file /opt/airflow/dags/spark-test.py for tasks to queue
[2022-06-14 14:53:39,846] {logging_mixin.py:115} INFO - [2022-06-14 14:53:39,846] {dagbag.py:507} INFO - Filling up the DagBag from /opt/airflow/dags/spark-test.py
[2022-06-14 14:53:39,859] {logging_mixin.py:115} INFO - [2022-06-14 14:53:39,856] {dagbag.py:320} ERROR - Failed to import: /opt/airflow/dags/spark-test.py
Traceback (most recent call last):
  File "/home/airflow/.local/lib/python3.7/site-packages/airflow/models/dagbag.py", line 317, in parse
    loader.exec_module(new_module)
  File "<frozen importlib._bootstrap_external>", line 728, in exec_module
  File "<frozen importlib._bootstrap>", line 219, in _call_with_frames_removed
  File "/opt/airflow/dags/spark-test.py", line 3, in <module>
    from airflow.contrib.operators.spark_submit_operator import SparkSubmitOperator
  File "/home/airflow/.local/lib/python3.7/site-packages/airflow/contrib/operators/spark_submit_operator.py", line 22, in <module>
    from airflow.providers.apache.spark.operators.spark_submit import SparkSubmitOperator  # noqa
ModuleNotFoundError: No module named 'airflow.providers.apache'
[2022-06-14 14:53:39,860] {processor.py:653} WARNING - No viable dags retrieved from /opt/airflow/dags/spark-test.py
[2022-06-14 14:53:39,879] {processor.py:161} INFO - Processing /opt/airflow/dags/spark-test.py took 0.051 seconds
[2022-06-14 14:54:10,742] {processor.py:153} INFO - Started process (PID=6101) to work on /opt/airflow/dags/spark-test.py
[2022-06-14 14:54:10,744] {processor.py:641} INFO - Processing file /opt/airflow/dags/spark-test.py for tasks to queue
[2022-06-14 14:54:10,745] {logging_mixin.py:115} INFO - [2022-06-14 14:54:10,745] {dagbag.py:507} INFO - Filling up the DagBag from /opt/airflow/dags/spark-test.py
[2022-06-14 14:54:10,755] {logging_mixin.py:115} INFO - [2022-06-14 14:54:10,753] {dagbag.py:320} ERROR - Failed to import: /opt/airflow/dags/spark-test.py
Traceback (most recent call last):
  File "/home/airflow/.local/lib/python3.7/site-packages/airflow/models/dagbag.py", line 317, in parse
    loader.exec_module(new_module)
  File "<frozen importlib._bootstrap_external>", line 728, in exec_module
  File "<frozen importlib._bootstrap>", line 219, in _call_with_frames_removed
  File "/opt/airflow/dags/spark-test.py", line 3, in <module>
    from airflow.contrib.operators.spark_submit_operator import SparkSubmitOperator
  File "/home/airflow/.local/lib/python3.7/site-packages/airflow/contrib/operators/spark_submit_operator.py", line 22, in <module>
    from airflow.providers.apache.spark.operators.spark_submit import SparkSubmitOperator  # noqa
ModuleNotFoundError: No module named 'airflow.providers.apache'
[2022-06-14 14:54:10,757] {processor.py:653} WARNING - No viable dags retrieved from /opt/airflow/dags/spark-test.py
[2022-06-14 14:54:10,774] {processor.py:161} INFO - Processing /opt/airflow/dags/spark-test.py took 0.035 seconds
[2022-06-14 14:54:41,595] {processor.py:153} INFO - Started process (PID=6157) to work on /opt/airflow/dags/spark-test.py
[2022-06-14 14:54:41,597] {processor.py:641} INFO - Processing file /opt/airflow/dags/spark-test.py for tasks to queue
[2022-06-14 14:54:41,599] {logging_mixin.py:115} INFO - [2022-06-14 14:54:41,598] {dagbag.py:507} INFO - Filling up the DagBag from /opt/airflow/dags/spark-test.py
[2022-06-14 14:54:41,622] {logging_mixin.py:115} INFO - [2022-06-14 14:54:41,611] {dagbag.py:320} ERROR - Failed to import: /opt/airflow/dags/spark-test.py
Traceback (most recent call last):
  File "/home/airflow/.local/lib/python3.7/site-packages/airflow/models/dagbag.py", line 317, in parse
    loader.exec_module(new_module)
  File "<frozen importlib._bootstrap_external>", line 728, in exec_module
  File "<frozen importlib._bootstrap>", line 219, in _call_with_frames_removed
  File "/opt/airflow/dags/spark-test.py", line 3, in <module>
    from airflow.contrib.operators.spark_submit_operator import SparkSubmitOperator
  File "/home/airflow/.local/lib/python3.7/site-packages/airflow/contrib/operators/spark_submit_operator.py", line 22, in <module>
    from airflow.providers.apache.spark.operators.spark_submit import SparkSubmitOperator  # noqa
ModuleNotFoundError: No module named 'airflow.providers.apache'
[2022-06-14 14:54:41,629] {processor.py:653} WARNING - No viable dags retrieved from /opt/airflow/dags/spark-test.py
[2022-06-14 14:54:41,644] {processor.py:161} INFO - Processing /opt/airflow/dags/spark-test.py took 0.052 seconds
[2022-06-14 14:55:12,361] {processor.py:153} INFO - Started process (PID=6229) to work on /opt/airflow/dags/spark-test.py
[2022-06-14 14:55:12,363] {processor.py:641} INFO - Processing file /opt/airflow/dags/spark-test.py for tasks to queue
[2022-06-14 14:55:12,364] {logging_mixin.py:115} INFO - [2022-06-14 14:55:12,364] {dagbag.py:507} INFO - Filling up the DagBag from /opt/airflow/dags/spark-test.py
[2022-06-14 14:55:12,372] {logging_mixin.py:115} INFO - [2022-06-14 14:55:12,371] {dagbag.py:320} ERROR - Failed to import: /opt/airflow/dags/spark-test.py
Traceback (most recent call last):
  File "/home/airflow/.local/lib/python3.7/site-packages/airflow/models/dagbag.py", line 317, in parse
    loader.exec_module(new_module)
  File "<frozen importlib._bootstrap_external>", line 728, in exec_module
  File "<frozen importlib._bootstrap>", line 219, in _call_with_frames_removed
  File "/opt/airflow/dags/spark-test.py", line 3, in <module>
    from airflow.contrib.operators.spark_submit_operator import SparkSubmitOperator
  File "/home/airflow/.local/lib/python3.7/site-packages/airflow/contrib/operators/spark_submit_operator.py", line 22, in <module>
    from airflow.providers.apache.spark.operators.spark_submit import SparkSubmitOperator  # noqa
ModuleNotFoundError: No module named 'airflow.providers.apache'
[2022-06-14 14:55:12,374] {processor.py:653} WARNING - No viable dags retrieved from /opt/airflow/dags/spark-test.py
[2022-06-14 14:55:12,389] {processor.py:161} INFO - Processing /opt/airflow/dags/spark-test.py took 0.031 seconds
[2022-06-14 14:55:43,276] {processor.py:153} INFO - Started process (PID=6297) to work on /opt/airflow/dags/spark-test.py
[2022-06-14 14:55:43,279] {processor.py:641} INFO - Processing file /opt/airflow/dags/spark-test.py for tasks to queue
[2022-06-14 14:55:43,280] {logging_mixin.py:115} INFO - [2022-06-14 14:55:43,280] {dagbag.py:507} INFO - Filling up the DagBag from /opt/airflow/dags/spark-test.py
[2022-06-14 14:55:43,291] {logging_mixin.py:115} INFO - [2022-06-14 14:55:43,289] {dagbag.py:320} ERROR - Failed to import: /opt/airflow/dags/spark-test.py
Traceback (most recent call last):
  File "/home/airflow/.local/lib/python3.7/site-packages/airflow/models/dagbag.py", line 317, in parse
    loader.exec_module(new_module)
  File "<frozen importlib._bootstrap_external>", line 728, in exec_module
  File "<frozen importlib._bootstrap>", line 219, in _call_with_frames_removed
  File "/opt/airflow/dags/spark-test.py", line 3, in <module>
    from airflow.contrib.operators.spark_submit_operator import SparkSubmitOperator
  File "/home/airflow/.local/lib/python3.7/site-packages/airflow/contrib/operators/spark_submit_operator.py", line 22, in <module>
    from airflow.providers.apache.spark.operators.spark_submit import SparkSubmitOperator  # noqa
ModuleNotFoundError: No module named 'airflow.providers.apache'
[2022-06-14 14:55:43,292] {processor.py:653} WARNING - No viable dags retrieved from /opt/airflow/dags/spark-test.py
[2022-06-14 14:55:43,309] {processor.py:161} INFO - Processing /opt/airflow/dags/spark-test.py took 0.037 seconds
[2022-06-14 14:56:13,400] {processor.py:153} INFO - Started process (PID=6365) to work on /opt/airflow/dags/spark-test.py
[2022-06-14 14:56:13,401] {processor.py:641} INFO - Processing file /opt/airflow/dags/spark-test.py for tasks to queue
[2022-06-14 14:56:13,402] {logging_mixin.py:115} INFO - [2022-06-14 14:56:13,402] {dagbag.py:507} INFO - Filling up the DagBag from /opt/airflow/dags/spark-test.py
[2022-06-14 14:56:13,409] {logging_mixin.py:115} INFO - [2022-06-14 14:56:13,407] {dagbag.py:320} ERROR - Failed to import: /opt/airflow/dags/spark-test.py
Traceback (most recent call last):
  File "/home/airflow/.local/lib/python3.7/site-packages/airflow/models/dagbag.py", line 317, in parse
    loader.exec_module(new_module)
  File "<frozen importlib._bootstrap_external>", line 728, in exec_module
  File "<frozen importlib._bootstrap>", line 219, in _call_with_frames_removed
  File "/opt/airflow/dags/spark-test.py", line 3, in <module>
    from airflow.contrib.operators.spark_submit_operator import SparkSubmitOperator
  File "/home/airflow/.local/lib/python3.7/site-packages/airflow/contrib/operators/spark_submit_operator.py", line 22, in <module>
    from airflow.providers.apache.spark.operators.spark_submit import SparkSubmitOperator  # noqa
ModuleNotFoundError: No module named 'airflow.providers.apache'
[2022-06-14 14:56:13,410] {processor.py:653} WARNING - No viable dags retrieved from /opt/airflow/dags/spark-test.py
[2022-06-14 14:56:13,425] {processor.py:161} INFO - Processing /opt/airflow/dags/spark-test.py took 0.027 seconds
[2022-06-14 14:56:44,017] {processor.py:153} INFO - Started process (PID=6431) to work on /opt/airflow/dags/spark-test.py
[2022-06-14 14:56:44,019] {processor.py:641} INFO - Processing file /opt/airflow/dags/spark-test.py for tasks to queue
[2022-06-14 14:56:44,021] {logging_mixin.py:115} INFO - [2022-06-14 14:56:44,021] {dagbag.py:507} INFO - Filling up the DagBag from /opt/airflow/dags/spark-test.py
[2022-06-14 14:56:44,036] {logging_mixin.py:115} INFO - [2022-06-14 14:56:44,034] {dagbag.py:320} ERROR - Failed to import: /opt/airflow/dags/spark-test.py
Traceback (most recent call last):
  File "/home/airflow/.local/lib/python3.7/site-packages/airflow/models/dagbag.py", line 317, in parse
    loader.exec_module(new_module)
  File "<frozen importlib._bootstrap_external>", line 728, in exec_module
  File "<frozen importlib._bootstrap>", line 219, in _call_with_frames_removed
  File "/opt/airflow/dags/spark-test.py", line 3, in <module>
    from airflow.contrib.operators.spark_submit_operator import SparkSubmitOperator
  File "/home/airflow/.local/lib/python3.7/site-packages/airflow/contrib/operators/spark_submit_operator.py", line 22, in <module>
    from airflow.providers.apache.spark.operators.spark_submit import SparkSubmitOperator  # noqa
ModuleNotFoundError: No module named 'airflow.providers.apache'
[2022-06-14 14:56:44,037] {processor.py:653} WARNING - No viable dags retrieved from /opt/airflow/dags/spark-test.py
[2022-06-14 14:56:44,063] {processor.py:161} INFO - Processing /opt/airflow/dags/spark-test.py took 0.048 seconds
[2022-06-14 14:57:15,039] {processor.py:153} INFO - Started process (PID=6500) to work on /opt/airflow/dags/spark-test.py
[2022-06-14 14:57:15,041] {processor.py:641} INFO - Processing file /opt/airflow/dags/spark-test.py for tasks to queue
[2022-06-14 14:57:15,044] {logging_mixin.py:115} INFO - [2022-06-14 14:57:15,044] {dagbag.py:507} INFO - Filling up the DagBag from /opt/airflow/dags/spark-test.py
[2022-06-14 14:57:15,057] {logging_mixin.py:115} INFO - [2022-06-14 14:57:15,055] {dagbag.py:320} ERROR - Failed to import: /opt/airflow/dags/spark-test.py
Traceback (most recent call last):
  File "/home/airflow/.local/lib/python3.7/site-packages/airflow/models/dagbag.py", line 317, in parse
    loader.exec_module(new_module)
  File "<frozen importlib._bootstrap_external>", line 728, in exec_module
  File "<frozen importlib._bootstrap>", line 219, in _call_with_frames_removed
  File "/opt/airflow/dags/spark-test.py", line 3, in <module>
    from airflow.contrib.operators.spark_submit_operator import SparkSubmitOperator
  File "/home/airflow/.local/lib/python3.7/site-packages/airflow/contrib/operators/spark_submit_operator.py", line 22, in <module>
    from airflow.providers.apache.spark.operators.spark_submit import SparkSubmitOperator  # noqa
ModuleNotFoundError: No module named 'airflow.providers.apache'
[2022-06-14 14:57:15,060] {processor.py:653} WARNING - No viable dags retrieved from /opt/airflow/dags/spark-test.py
[2022-06-14 14:57:15,079] {processor.py:161} INFO - Processing /opt/airflow/dags/spark-test.py took 0.046 seconds
[2022-06-14 14:57:45,797] {processor.py:153} INFO - Started process (PID=6573) to work on /opt/airflow/dags/spark-test.py
[2022-06-14 14:57:45,800] {processor.py:641} INFO - Processing file /opt/airflow/dags/spark-test.py for tasks to queue
[2022-06-14 14:57:45,802] {logging_mixin.py:115} INFO - [2022-06-14 14:57:45,802] {dagbag.py:507} INFO - Filling up the DagBag from /opt/airflow/dags/spark-test.py
[2022-06-14 14:57:45,813] {logging_mixin.py:115} INFO - [2022-06-14 14:57:45,811] {dagbag.py:320} ERROR - Failed to import: /opt/airflow/dags/spark-test.py
Traceback (most recent call last):
  File "/home/airflow/.local/lib/python3.7/site-packages/airflow/models/dagbag.py", line 317, in parse
    loader.exec_module(new_module)
  File "<frozen importlib._bootstrap_external>", line 728, in exec_module
  File "<frozen importlib._bootstrap>", line 219, in _call_with_frames_removed
  File "/opt/airflow/dags/spark-test.py", line 3, in <module>
    from airflow.contrib.operators.spark_submit_operator import SparkSubmitOperator
  File "/home/airflow/.local/lib/python3.7/site-packages/airflow/contrib/operators/spark_submit_operator.py", line 22, in <module>
    from airflow.providers.apache.spark.operators.spark_submit import SparkSubmitOperator  # noqa
ModuleNotFoundError: No module named 'airflow.providers.apache'
[2022-06-14 14:57:45,814] {processor.py:653} WARNING - No viable dags retrieved from /opt/airflow/dags/spark-test.py
[2022-06-14 14:57:45,839] {processor.py:161} INFO - Processing /opt/airflow/dags/spark-test.py took 0.046 seconds
[2022-06-14 14:58:16,732] {processor.py:153} INFO - Started process (PID=6630) to work on /opt/airflow/dags/spark-test.py
[2022-06-14 14:58:16,734] {processor.py:641} INFO - Processing file /opt/airflow/dags/spark-test.py for tasks to queue
[2022-06-14 14:58:16,735] {logging_mixin.py:115} INFO - [2022-06-14 14:58:16,735] {dagbag.py:507} INFO - Filling up the DagBag from /opt/airflow/dags/spark-test.py
[2022-06-14 14:58:16,755] {logging_mixin.py:115} INFO - [2022-06-14 14:58:16,752] {dagbag.py:320} ERROR - Failed to import: /opt/airflow/dags/spark-test.py
Traceback (most recent call last):
  File "/home/airflow/.local/lib/python3.7/site-packages/airflow/models/dagbag.py", line 317, in parse
    loader.exec_module(new_module)
  File "<frozen importlib._bootstrap_external>", line 728, in exec_module
  File "<frozen importlib._bootstrap>", line 219, in _call_with_frames_removed
  File "/opt/airflow/dags/spark-test.py", line 3, in <module>
    from airflow.contrib.operators.spark_submit_operator import SparkSubmitOperator
  File "/home/airflow/.local/lib/python3.7/site-packages/airflow/contrib/operators/spark_submit_operator.py", line 22, in <module>
    from airflow.providers.apache.spark.operators.spark_submit import SparkSubmitOperator  # noqa
ModuleNotFoundError: No module named 'airflow.providers.apache'
[2022-06-14 14:58:16,756] {processor.py:653} WARNING - No viable dags retrieved from /opt/airflow/dags/spark-test.py
[2022-06-14 14:58:16,774] {processor.py:161} INFO - Processing /opt/airflow/dags/spark-test.py took 0.048 seconds
[2022-06-14 14:58:47,620] {processor.py:153} INFO - Started process (PID=6698) to work on /opt/airflow/dags/spark-test.py
[2022-06-14 14:58:47,622] {processor.py:641} INFO - Processing file /opt/airflow/dags/spark-test.py for tasks to queue
[2022-06-14 14:58:47,623] {logging_mixin.py:115} INFO - [2022-06-14 14:58:47,623] {dagbag.py:507} INFO - Filling up the DagBag from /opt/airflow/dags/spark-test.py
[2022-06-14 14:58:47,640] {logging_mixin.py:115} INFO - [2022-06-14 14:58:47,637] {dagbag.py:320} ERROR - Failed to import: /opt/airflow/dags/spark-test.py
Traceback (most recent call last):
  File "/home/airflow/.local/lib/python3.7/site-packages/airflow/models/dagbag.py", line 317, in parse
    loader.exec_module(new_module)
  File "<frozen importlib._bootstrap_external>", line 728, in exec_module
  File "<frozen importlib._bootstrap>", line 219, in _call_with_frames_removed
  File "/opt/airflow/dags/spark-test.py", line 3, in <module>
    from airflow.contrib.operators.spark_submit_operator import SparkSubmitOperator
  File "/home/airflow/.local/lib/python3.7/site-packages/airflow/contrib/operators/spark_submit_operator.py", line 22, in <module>
    from airflow.providers.apache.spark.operators.spark_submit import SparkSubmitOperator  # noqa
ModuleNotFoundError: No module named 'airflow.providers.apache'
[2022-06-14 14:58:47,641] {processor.py:653} WARNING - No viable dags retrieved from /opt/airflow/dags/spark-test.py
[2022-06-14 14:58:47,661] {processor.py:161} INFO - Processing /opt/airflow/dags/spark-test.py took 0.048 seconds
[2022-06-14 14:59:18,440] {processor.py:153} INFO - Started process (PID=6766) to work on /opt/airflow/dags/spark-test.py
[2022-06-14 14:59:18,442] {processor.py:641} INFO - Processing file /opt/airflow/dags/spark-test.py for tasks to queue
[2022-06-14 14:59:18,443] {logging_mixin.py:115} INFO - [2022-06-14 14:59:18,443] {dagbag.py:507} INFO - Filling up the DagBag from /opt/airflow/dags/spark-test.py
[2022-06-14 14:59:18,461] {logging_mixin.py:115} INFO - [2022-06-14 14:59:18,459] {dagbag.py:320} ERROR - Failed to import: /opt/airflow/dags/spark-test.py
Traceback (most recent call last):
  File "/home/airflow/.local/lib/python3.7/site-packages/airflow/models/dagbag.py", line 317, in parse
    loader.exec_module(new_module)
  File "<frozen importlib._bootstrap_external>", line 728, in exec_module
  File "<frozen importlib._bootstrap>", line 219, in _call_with_frames_removed
  File "/opt/airflow/dags/spark-test.py", line 3, in <module>
    from airflow.contrib.operators.spark_submit_operator import SparkSubmitOperator
  File "/home/airflow/.local/lib/python3.7/site-packages/airflow/contrib/operators/spark_submit_operator.py", line 22, in <module>
    from airflow.providers.apache.spark.operators.spark_submit import SparkSubmitOperator  # noqa
ModuleNotFoundError: No module named 'airflow.providers.apache'
[2022-06-14 14:59:18,462] {processor.py:653} WARNING - No viable dags retrieved from /opt/airflow/dags/spark-test.py
[2022-06-14 14:59:18,479] {processor.py:161} INFO - Processing /opt/airflow/dags/spark-test.py took 0.043 seconds
[2022-06-14 14:59:49,367] {processor.py:153} INFO - Started process (PID=6832) to work on /opt/airflow/dags/spark-test.py
[2022-06-14 14:59:49,369] {processor.py:641} INFO - Processing file /opt/airflow/dags/spark-test.py for tasks to queue
[2022-06-14 14:59:49,371] {logging_mixin.py:115} INFO - [2022-06-14 14:59:49,371] {dagbag.py:507} INFO - Filling up the DagBag from /opt/airflow/dags/spark-test.py
[2022-06-14 14:59:49,400] {logging_mixin.py:115} INFO - [2022-06-14 14:59:49,393] {dagbag.py:320} ERROR - Failed to import: /opt/airflow/dags/spark-test.py
Traceback (most recent call last):
  File "/home/airflow/.local/lib/python3.7/site-packages/airflow/models/dagbag.py", line 317, in parse
    loader.exec_module(new_module)
  File "<frozen importlib._bootstrap_external>", line 728, in exec_module
  File "<frozen importlib._bootstrap>", line 219, in _call_with_frames_removed
  File "/opt/airflow/dags/spark-test.py", line 3, in <module>
    from airflow.contrib.operators.spark_submit_operator import SparkSubmitOperator
  File "/home/airflow/.local/lib/python3.7/site-packages/airflow/contrib/operators/spark_submit_operator.py", line 22, in <module>
    from airflow.providers.apache.spark.operators.spark_submit import SparkSubmitOperator  # noqa
ModuleNotFoundError: No module named 'airflow.providers.apache'
[2022-06-14 14:59:49,402] {processor.py:653} WARNING - No viable dags retrieved from /opt/airflow/dags/spark-test.py
[2022-06-14 14:59:49,434] {processor.py:161} INFO - Processing /opt/airflow/dags/spark-test.py took 0.070 seconds
[2022-06-14 15:00:19,540] {processor.py:153} INFO - Started process (PID=6902) to work on /opt/airflow/dags/spark-test.py
[2022-06-14 15:00:19,542] {processor.py:641} INFO - Processing file /opt/airflow/dags/spark-test.py for tasks to queue
[2022-06-14 15:00:19,544] {logging_mixin.py:115} INFO - [2022-06-14 15:00:19,544] {dagbag.py:507} INFO - Filling up the DagBag from /opt/airflow/dags/spark-test.py
[2022-06-14 15:00:19,565] {logging_mixin.py:115} INFO - [2022-06-14 15:00:19,563] {dagbag.py:320} ERROR - Failed to import: /opt/airflow/dags/spark-test.py
Traceback (most recent call last):
  File "/home/airflow/.local/lib/python3.7/site-packages/airflow/models/dagbag.py", line 317, in parse
    loader.exec_module(new_module)
  File "<frozen importlib._bootstrap_external>", line 728, in exec_module
  File "<frozen importlib._bootstrap>", line 219, in _call_with_frames_removed
  File "/opt/airflow/dags/spark-test.py", line 3, in <module>
    from airflow.contrib.operators.spark_submit_operator import SparkSubmitOperator
  File "/home/airflow/.local/lib/python3.7/site-packages/airflow/contrib/operators/spark_submit_operator.py", line 22, in <module>
    from airflow.providers.apache.spark.operators.spark_submit import SparkSubmitOperator  # noqa
ModuleNotFoundError: No module named 'airflow.providers.apache'
[2022-06-14 15:00:19,566] {processor.py:653} WARNING - No viable dags retrieved from /opt/airflow/dags/spark-test.py
[2022-06-14 15:00:19,606] {processor.py:161} INFO - Processing /opt/airflow/dags/spark-test.py took 0.083 seconds
[2022-06-14 15:00:50,386] {processor.py:153} INFO - Started process (PID=6970) to work on /opt/airflow/dags/spark-test.py
[2022-06-14 15:00:50,387] {processor.py:641} INFO - Processing file /opt/airflow/dags/spark-test.py for tasks to queue
[2022-06-14 15:00:50,388] {logging_mixin.py:115} INFO - [2022-06-14 15:00:50,388] {dagbag.py:507} INFO - Filling up the DagBag from /opt/airflow/dags/spark-test.py
[2022-06-14 15:00:50,406] {logging_mixin.py:115} INFO - [2022-06-14 15:00:50,401] {dagbag.py:320} ERROR - Failed to import: /opt/airflow/dags/spark-test.py
Traceback (most recent call last):
  File "/home/airflow/.local/lib/python3.7/site-packages/airflow/models/dagbag.py", line 317, in parse
    loader.exec_module(new_module)
  File "<frozen importlib._bootstrap_external>", line 728, in exec_module
  File "<frozen importlib._bootstrap>", line 219, in _call_with_frames_removed
  File "/opt/airflow/dags/spark-test.py", line 3, in <module>
    from airflow.contrib.operators.spark_submit_operator import SparkSubmitOperator
  File "/home/airflow/.local/lib/python3.7/site-packages/airflow/contrib/operators/spark_submit_operator.py", line 22, in <module>
    from airflow.providers.apache.spark.operators.spark_submit import SparkSubmitOperator  # noqa
ModuleNotFoundError: No module named 'airflow.providers.apache'
[2022-06-14 15:00:50,408] {processor.py:653} WARNING - No viable dags retrieved from /opt/airflow/dags/spark-test.py
[2022-06-14 15:00:50,433] {processor.py:161} INFO - Processing /opt/airflow/dags/spark-test.py took 0.050 seconds
[2022-06-14 15:01:21,387] {processor.py:153} INFO - Started process (PID=7028) to work on /opt/airflow/dags/spark-test.py
[2022-06-14 15:01:21,389] {processor.py:641} INFO - Processing file /opt/airflow/dags/spark-test.py for tasks to queue
[2022-06-14 15:01:21,390] {logging_mixin.py:115} INFO - [2022-06-14 15:01:21,390] {dagbag.py:507} INFO - Filling up the DagBag from /opt/airflow/dags/spark-test.py
[2022-06-14 15:01:21,402] {logging_mixin.py:115} INFO - [2022-06-14 15:01:21,399] {dagbag.py:320} ERROR - Failed to import: /opt/airflow/dags/spark-test.py
Traceback (most recent call last):
  File "/home/airflow/.local/lib/python3.7/site-packages/airflow/models/dagbag.py", line 317, in parse
    loader.exec_module(new_module)
  File "<frozen importlib._bootstrap_external>", line 728, in exec_module
  File "<frozen importlib._bootstrap>", line 219, in _call_with_frames_removed
  File "/opt/airflow/dags/spark-test.py", line 3, in <module>
    from airflow.contrib.operators.spark_submit_operator import SparkSubmitOperator
  File "/home/airflow/.local/lib/python3.7/site-packages/airflow/contrib/operators/spark_submit_operator.py", line 22, in <module>
    from airflow.providers.apache.spark.operators.spark_submit import SparkSubmitOperator  # noqa
ModuleNotFoundError: No module named 'airflow.providers.apache'
[2022-06-14 15:01:21,405] {processor.py:653} WARNING - No viable dags retrieved from /opt/airflow/dags/spark-test.py
[2022-06-14 15:01:21,429] {processor.py:161} INFO - Processing /opt/airflow/dags/spark-test.py took 0.047 seconds
[2022-06-14 15:01:51,496] {processor.py:153} INFO - Started process (PID=7099) to work on /opt/airflow/dags/spark-test.py
[2022-06-14 15:01:51,497] {processor.py:641} INFO - Processing file /opt/airflow/dags/spark-test.py for tasks to queue
[2022-06-14 15:01:51,499] {logging_mixin.py:115} INFO - [2022-06-14 15:01:51,499] {dagbag.py:507} INFO - Filling up the DagBag from /opt/airflow/dags/spark-test.py
[2022-06-14 15:01:51,511] {logging_mixin.py:115} INFO - [2022-06-14 15:01:51,507] {dagbag.py:320} ERROR - Failed to import: /opt/airflow/dags/spark-test.py
Traceback (most recent call last):
  File "/home/airflow/.local/lib/python3.7/site-packages/airflow/models/dagbag.py", line 317, in parse
    loader.exec_module(new_module)
  File "<frozen importlib._bootstrap_external>", line 728, in exec_module
  File "<frozen importlib._bootstrap>", line 219, in _call_with_frames_removed
  File "/opt/airflow/dags/spark-test.py", line 3, in <module>
    from airflow.contrib.operators.spark_submit_operator import SparkSubmitOperator
  File "/home/airflow/.local/lib/python3.7/site-packages/airflow/contrib/operators/spark_submit_operator.py", line 22, in <module>
    from airflow.providers.apache.spark.operators.spark_submit import SparkSubmitOperator  # noqa
ModuleNotFoundError: No module named 'airflow.providers.apache'
[2022-06-14 15:01:51,513] {processor.py:653} WARNING - No viable dags retrieved from /opt/airflow/dags/spark-test.py
[2022-06-14 15:01:51,530] {processor.py:161} INFO - Processing /opt/airflow/dags/spark-test.py took 0.038 seconds
[2022-06-14 15:02:22,232] {processor.py:153} INFO - Started process (PID=7165) to work on /opt/airflow/dags/spark-test.py
[2022-06-14 15:02:22,236] {processor.py:641} INFO - Processing file /opt/airflow/dags/spark-test.py for tasks to queue
[2022-06-14 15:02:22,237] {logging_mixin.py:115} INFO - [2022-06-14 15:02:22,237] {dagbag.py:507} INFO - Filling up the DagBag from /opt/airflow/dags/spark-test.py
[2022-06-14 15:02:22,247] {logging_mixin.py:115} INFO - [2022-06-14 15:02:22,245] {dagbag.py:320} ERROR - Failed to import: /opt/airflow/dags/spark-test.py
Traceback (most recent call last):
  File "/home/airflow/.local/lib/python3.7/site-packages/airflow/models/dagbag.py", line 317, in parse
    loader.exec_module(new_module)
  File "<frozen importlib._bootstrap_external>", line 728, in exec_module
  File "<frozen importlib._bootstrap>", line 219, in _call_with_frames_removed
  File "/opt/airflow/dags/spark-test.py", line 3, in <module>
    from airflow.contrib.operators.spark_submit_operator import SparkSubmitOperator
  File "/home/airflow/.local/lib/python3.7/site-packages/airflow/contrib/operators/spark_submit_operator.py", line 22, in <module>
    from airflow.providers.apache.spark.operators.spark_submit import SparkSubmitOperator  # noqa
ModuleNotFoundError: No module named 'airflow.providers.apache'
[2022-06-14 15:02:22,250] {processor.py:653} WARNING - No viable dags retrieved from /opt/airflow/dags/spark-test.py
[2022-06-14 15:02:22,265] {processor.py:161} INFO - Processing /opt/airflow/dags/spark-test.py took 0.038 seconds
[2022-06-14 15:02:52,293] {processor.py:153} INFO - Started process (PID=7232) to work on /opt/airflow/dags/spark-test.py
[2022-06-14 15:02:52,295] {processor.py:641} INFO - Processing file /opt/airflow/dags/spark-test.py for tasks to queue
[2022-06-14 15:02:52,297] {logging_mixin.py:115} INFO - [2022-06-14 15:02:52,297] {dagbag.py:507} INFO - Filling up the DagBag from /opt/airflow/dags/spark-test.py
[2022-06-14 15:02:52,307] {logging_mixin.py:115} INFO - [2022-06-14 15:02:52,304] {dagbag.py:320} ERROR - Failed to import: /opt/airflow/dags/spark-test.py
Traceback (most recent call last):
  File "/home/airflow/.local/lib/python3.7/site-packages/airflow/models/dagbag.py", line 317, in parse
    loader.exec_module(new_module)
  File "<frozen importlib._bootstrap_external>", line 728, in exec_module
  File "<frozen importlib._bootstrap>", line 219, in _call_with_frames_removed
  File "/opt/airflow/dags/spark-test.py", line 3, in <module>
    from airflow.contrib.operators.spark_submit_operator import SparkSubmitOperator
  File "/home/airflow/.local/lib/python3.7/site-packages/airflow/contrib/operators/spark_submit_operator.py", line 22, in <module>
    from airflow.providers.apache.spark.operators.spark_submit import SparkSubmitOperator  # noqa
ModuleNotFoundError: No module named 'airflow.providers.apache'
[2022-06-14 15:02:52,310] {processor.py:653} WARNING - No viable dags retrieved from /opt/airflow/dags/spark-test.py
[2022-06-14 15:02:52,336] {processor.py:161} INFO - Processing /opt/airflow/dags/spark-test.py took 0.045 seconds
[2022-06-14 15:03:23,012] {processor.py:153} INFO - Started process (PID=7290) to work on /opt/airflow/dags/spark-test.py
[2022-06-14 15:03:23,014] {processor.py:641} INFO - Processing file /opt/airflow/dags/spark-test.py for tasks to queue
[2022-06-14 15:03:23,015] {logging_mixin.py:115} INFO - [2022-06-14 15:03:23,015] {dagbag.py:507} INFO - Filling up the DagBag from /opt/airflow/dags/spark-test.py
[2022-06-14 15:03:23,035] {logging_mixin.py:115} INFO - [2022-06-14 15:03:23,033] {dagbag.py:320} ERROR - Failed to import: /opt/airflow/dags/spark-test.py
Traceback (most recent call last):
  File "/home/airflow/.local/lib/python3.7/site-packages/airflow/models/dagbag.py", line 317, in parse
    loader.exec_module(new_module)
  File "<frozen importlib._bootstrap_external>", line 728, in exec_module
  File "<frozen importlib._bootstrap>", line 219, in _call_with_frames_removed
  File "/opt/airflow/dags/spark-test.py", line 3, in <module>
    from airflow.contrib.operators.spark_submit_operator import SparkSubmitOperator
  File "/home/airflow/.local/lib/python3.7/site-packages/airflow/contrib/operators/spark_submit_operator.py", line 22, in <module>
    from airflow.providers.apache.spark.operators.spark_submit import SparkSubmitOperator  # noqa
ModuleNotFoundError: No module named 'airflow.providers.apache'
[2022-06-14 15:03:23,037] {processor.py:653} WARNING - No viable dags retrieved from /opt/airflow/dags/spark-test.py
[2022-06-14 15:03:23,079] {processor.py:161} INFO - Processing /opt/airflow/dags/spark-test.py took 0.072 seconds
[2022-06-14 15:03:54,052] {processor.py:153} INFO - Started process (PID=7354) to work on /opt/airflow/dags/spark-test.py
[2022-06-14 15:03:54,056] {processor.py:641} INFO - Processing file /opt/airflow/dags/spark-test.py for tasks to queue
[2022-06-14 15:03:54,058] {logging_mixin.py:115} INFO - [2022-06-14 15:03:54,058] {dagbag.py:507} INFO - Filling up the DagBag from /opt/airflow/dags/spark-test.py
[2022-06-14 15:03:54,080] {logging_mixin.py:115} INFO - [2022-06-14 15:03:54,074] {dagbag.py:320} ERROR - Failed to import: /opt/airflow/dags/spark-test.py
Traceback (most recent call last):
  File "/home/airflow/.local/lib/python3.7/site-packages/airflow/models/dagbag.py", line 317, in parse
    loader.exec_module(new_module)
  File "<frozen importlib._bootstrap_external>", line 728, in exec_module
  File "<frozen importlib._bootstrap>", line 219, in _call_with_frames_removed
  File "/opt/airflow/dags/spark-test.py", line 3, in <module>
    from airflow.contrib.operators.spark_submit_operator import SparkSubmitOperator
  File "/home/airflow/.local/lib/python3.7/site-packages/airflow/contrib/operators/spark_submit_operator.py", line 22, in <module>
    from airflow.providers.apache.spark.operators.spark_submit import SparkSubmitOperator  # noqa
ModuleNotFoundError: No module named 'airflow.providers.apache'
[2022-06-14 15:03:54,084] {processor.py:653} WARNING - No viable dags retrieved from /opt/airflow/dags/spark-test.py
[2022-06-14 15:03:54,128] {processor.py:161} INFO - Processing /opt/airflow/dags/spark-test.py took 0.089 seconds
[2022-06-14 15:04:24,192] {processor.py:153} INFO - Started process (PID=7415) to work on /opt/airflow/dags/spark-test.py
[2022-06-14 15:04:24,194] {processor.py:641} INFO - Processing file /opt/airflow/dags/spark-test.py for tasks to queue
[2022-06-14 15:04:24,196] {logging_mixin.py:115} INFO - [2022-06-14 15:04:24,196] {dagbag.py:507} INFO - Filling up the DagBag from /opt/airflow/dags/spark-test.py
[2022-06-14 15:04:24,208] {logging_mixin.py:115} INFO - [2022-06-14 15:04:24,205] {dagbag.py:320} ERROR - Failed to import: /opt/airflow/dags/spark-test.py
Traceback (most recent call last):
  File "/home/airflow/.local/lib/python3.7/site-packages/airflow/models/dagbag.py", line 317, in parse
    loader.exec_module(new_module)
  File "<frozen importlib._bootstrap_external>", line 728, in exec_module
  File "<frozen importlib._bootstrap>", line 219, in _call_with_frames_removed
  File "/opt/airflow/dags/spark-test.py", line 3, in <module>
    from airflow.contrib.operators.spark_submit_operator import SparkSubmitOperator
  File "/home/airflow/.local/lib/python3.7/site-packages/airflow/contrib/operators/spark_submit_operator.py", line 22, in <module>
    from airflow.providers.apache.spark.operators.spark_submit import SparkSubmitOperator  # noqa
ModuleNotFoundError: No module named 'airflow.providers.apache'
[2022-06-14 15:04:24,209] {processor.py:653} WARNING - No viable dags retrieved from /opt/airflow/dags/spark-test.py
[2022-06-14 15:04:24,237] {processor.py:161} INFO - Processing /opt/airflow/dags/spark-test.py took 0.052 seconds
[2022-06-14 15:04:55,014] {processor.py:153} INFO - Started process (PID=7483) to work on /opt/airflow/dags/spark-test.py
[2022-06-14 15:04:55,016] {processor.py:641} INFO - Processing file /opt/airflow/dags/spark-test.py for tasks to queue
[2022-06-14 15:04:55,018] {logging_mixin.py:115} INFO - [2022-06-14 15:04:55,018] {dagbag.py:507} INFO - Filling up the DagBag from /opt/airflow/dags/spark-test.py
[2022-06-14 15:04:55,031] {logging_mixin.py:115} INFO - [2022-06-14 15:04:55,028] {dagbag.py:320} ERROR - Failed to import: /opt/airflow/dags/spark-test.py
Traceback (most recent call last):
  File "/home/airflow/.local/lib/python3.7/site-packages/airflow/models/dagbag.py", line 317, in parse
    loader.exec_module(new_module)
  File "<frozen importlib._bootstrap_external>", line 728, in exec_module
  File "<frozen importlib._bootstrap>", line 219, in _call_with_frames_removed
  File "/opt/airflow/dags/spark-test.py", line 3, in <module>
    from airflow.contrib.operators.spark_submit_operator import SparkSubmitOperator
  File "/home/airflow/.local/lib/python3.7/site-packages/airflow/contrib/operators/spark_submit_operator.py", line 22, in <module>
    from airflow.providers.apache.spark.operators.spark_submit import SparkSubmitOperator  # noqa
ModuleNotFoundError: No module named 'airflow.providers.apache'
[2022-06-14 15:04:55,032] {processor.py:653} WARNING - No viable dags retrieved from /opt/airflow/dags/spark-test.py
[2022-06-14 15:04:55,053] {processor.py:161} INFO - Processing /opt/airflow/dags/spark-test.py took 0.044 seconds
[2022-06-14 15:05:25,895] {processor.py:153} INFO - Started process (PID=7550) to work on /opt/airflow/dags/spark-test.py
[2022-06-14 15:05:25,897] {processor.py:641} INFO - Processing file /opt/airflow/dags/spark-test.py for tasks to queue
[2022-06-14 15:05:25,898] {logging_mixin.py:115} INFO - [2022-06-14 15:05:25,898] {dagbag.py:507} INFO - Filling up the DagBag from /opt/airflow/dags/spark-test.py
[2022-06-14 15:05:25,913] {logging_mixin.py:115} INFO - [2022-06-14 15:05:25,911] {dagbag.py:320} ERROR - Failed to import: /opt/airflow/dags/spark-test.py
Traceback (most recent call last):
  File "/home/airflow/.local/lib/python3.7/site-packages/airflow/models/dagbag.py", line 317, in parse
    loader.exec_module(new_module)
  File "<frozen importlib._bootstrap_external>", line 728, in exec_module
  File "<frozen importlib._bootstrap>", line 219, in _call_with_frames_removed
  File "/opt/airflow/dags/spark-test.py", line 3, in <module>
    from airflow.contrib.operators.spark_submit_operator import SparkSubmitOperator
  File "/home/airflow/.local/lib/python3.7/site-packages/airflow/contrib/operators/spark_submit_operator.py", line 22, in <module>
    from airflow.providers.apache.spark.operators.spark_submit import SparkSubmitOperator  # noqa
ModuleNotFoundError: No module named 'airflow.providers.apache'
[2022-06-14 15:05:25,915] {processor.py:653} WARNING - No viable dags retrieved from /opt/airflow/dags/spark-test.py
[2022-06-14 15:05:25,945] {processor.py:161} INFO - Processing /opt/airflow/dags/spark-test.py took 0.060 seconds
[2022-06-14 15:05:56,924] {processor.py:153} INFO - Started process (PID=7617) to work on /opt/airflow/dags/spark-test.py
[2022-06-14 15:05:56,927] {processor.py:641} INFO - Processing file /opt/airflow/dags/spark-test.py for tasks to queue
[2022-06-14 15:05:56,929] {logging_mixin.py:115} INFO - [2022-06-14 15:05:56,929] {dagbag.py:507} INFO - Filling up the DagBag from /opt/airflow/dags/spark-test.py
[2022-06-14 15:05:56,942] {logging_mixin.py:115} INFO - [2022-06-14 15:05:56,940] {dagbag.py:320} ERROR - Failed to import: /opt/airflow/dags/spark-test.py
Traceback (most recent call last):
  File "/home/airflow/.local/lib/python3.7/site-packages/airflow/models/dagbag.py", line 317, in parse
    loader.exec_module(new_module)
  File "<frozen importlib._bootstrap_external>", line 728, in exec_module
  File "<frozen importlib._bootstrap>", line 219, in _call_with_frames_removed
  File "/opt/airflow/dags/spark-test.py", line 3, in <module>
    from airflow.contrib.operators.spark_submit_operator import SparkSubmitOperator
  File "/home/airflow/.local/lib/python3.7/site-packages/airflow/contrib/operators/spark_submit_operator.py", line 22, in <module>
    from airflow.providers.apache.spark.operators.spark_submit import SparkSubmitOperator  # noqa
ModuleNotFoundError: No module named 'airflow.providers.apache'
[2022-06-14 15:05:56,943] {processor.py:653} WARNING - No viable dags retrieved from /opt/airflow/dags/spark-test.py
[2022-06-14 15:05:56,969] {processor.py:161} INFO - Processing /opt/airflow/dags/spark-test.py took 0.055 seconds
[2022-06-14 15:06:27,988] {processor.py:153} INFO - Started process (PID=7684) to work on /opt/airflow/dags/spark-test.py
[2022-06-14 15:06:27,990] {processor.py:641} INFO - Processing file /opt/airflow/dags/spark-test.py for tasks to queue
[2022-06-14 15:06:27,992] {logging_mixin.py:115} INFO - [2022-06-14 15:06:27,992] {dagbag.py:507} INFO - Filling up the DagBag from /opt/airflow/dags/spark-test.py
[2022-06-14 15:06:28,009] {logging_mixin.py:115} INFO - [2022-06-14 15:06:28,006] {dagbag.py:320} ERROR - Failed to import: /opt/airflow/dags/spark-test.py
Traceback (most recent call last):
  File "/home/airflow/.local/lib/python3.7/site-packages/airflow/models/dagbag.py", line 317, in parse
    loader.exec_module(new_module)
  File "<frozen importlib._bootstrap_external>", line 728, in exec_module
  File "<frozen importlib._bootstrap>", line 219, in _call_with_frames_removed
  File "/opt/airflow/dags/spark-test.py", line 3, in <module>
    from airflow.contrib.operators.spark_submit_operator import SparkSubmitOperator
  File "/home/airflow/.local/lib/python3.7/site-packages/airflow/contrib/operators/spark_submit_operator.py", line 22, in <module>
    from airflow.providers.apache.spark.operators.spark_submit import SparkSubmitOperator  # noqa
ModuleNotFoundError: No module named 'airflow.providers.apache'
[2022-06-14 15:06:28,010] {processor.py:653} WARNING - No viable dags retrieved from /opt/airflow/dags/spark-test.py
[2022-06-14 15:06:28,041] {processor.py:161} INFO - Processing /opt/airflow/dags/spark-test.py took 0.058 seconds
[2022-06-14 15:06:58,811] {processor.py:153} INFO - Started process (PID=7755) to work on /opt/airflow/dags/spark-test.py
[2022-06-14 15:06:58,813] {processor.py:641} INFO - Processing file /opt/airflow/dags/spark-test.py for tasks to queue
[2022-06-14 15:06:58,815] {logging_mixin.py:115} INFO - [2022-06-14 15:06:58,815] {dagbag.py:507} INFO - Filling up the DagBag from /opt/airflow/dags/spark-test.py
[2022-06-14 15:06:58,825] {logging_mixin.py:115} INFO - [2022-06-14 15:06:58,822] {dagbag.py:320} ERROR - Failed to import: /opt/airflow/dags/spark-test.py
Traceback (most recent call last):
  File "/home/airflow/.local/lib/python3.7/site-packages/airflow/models/dagbag.py", line 317, in parse
    loader.exec_module(new_module)
  File "<frozen importlib._bootstrap_external>", line 728, in exec_module
  File "<frozen importlib._bootstrap>", line 219, in _call_with_frames_removed
  File "/opt/airflow/dags/spark-test.py", line 3, in <module>
    from airflow.contrib.operators.spark_submit_operator import SparkSubmitOperator
  File "/home/airflow/.local/lib/python3.7/site-packages/airflow/contrib/operators/spark_submit_operator.py", line 22, in <module>
    from airflow.providers.apache.spark.operators.spark_submit import SparkSubmitOperator  # noqa
ModuleNotFoundError: No module named 'airflow.providers.apache'
[2022-06-14 15:06:58,826] {processor.py:653} WARNING - No viable dags retrieved from /opt/airflow/dags/spark-test.py
[2022-06-14 15:06:58,851] {processor.py:161} INFO - Processing /opt/airflow/dags/spark-test.py took 0.045 seconds
[2022-06-14 15:07:29,905] {processor.py:153} INFO - Started process (PID=7811) to work on /opt/airflow/dags/spark-test.py
[2022-06-14 15:07:29,908] {processor.py:641} INFO - Processing file /opt/airflow/dags/spark-test.py for tasks to queue
[2022-06-14 15:07:29,911] {logging_mixin.py:115} INFO - [2022-06-14 15:07:29,911] {dagbag.py:507} INFO - Filling up the DagBag from /opt/airflow/dags/spark-test.py
[2022-06-14 15:07:29,932] {logging_mixin.py:115} INFO - [2022-06-14 15:07:29,927] {dagbag.py:320} ERROR - Failed to import: /opt/airflow/dags/spark-test.py
Traceback (most recent call last):
  File "/home/airflow/.local/lib/python3.7/site-packages/airflow/models/dagbag.py", line 317, in parse
    loader.exec_module(new_module)
  File "<frozen importlib._bootstrap_external>", line 728, in exec_module
  File "<frozen importlib._bootstrap>", line 219, in _call_with_frames_removed
  File "/opt/airflow/dags/spark-test.py", line 3, in <module>
    from airflow.contrib.operators.spark_submit_operator import SparkSubmitOperator
  File "/home/airflow/.local/lib/python3.7/site-packages/airflow/contrib/operators/spark_submit_operator.py", line 22, in <module>
    from airflow.providers.apache.spark.operators.spark_submit import SparkSubmitOperator  # noqa
ModuleNotFoundError: No module named 'airflow.providers.apache'
[2022-06-14 15:07:29,933] {processor.py:653} WARNING - No viable dags retrieved from /opt/airflow/dags/spark-test.py
[2022-06-14 15:07:29,970] {processor.py:161} INFO - Processing /opt/airflow/dags/spark-test.py took 0.075 seconds
[2022-06-14 15:08:00,771] {processor.py:153} INFO - Started process (PID=7876) to work on /opt/airflow/dags/spark-test.py
[2022-06-14 15:08:00,773] {processor.py:641} INFO - Processing file /opt/airflow/dags/spark-test.py for tasks to queue
[2022-06-14 15:08:00,775] {logging_mixin.py:115} INFO - [2022-06-14 15:08:00,775] {dagbag.py:507} INFO - Filling up the DagBag from /opt/airflow/dags/spark-test.py
[2022-06-14 15:08:00,796] {logging_mixin.py:115} INFO - [2022-06-14 15:08:00,792] {dagbag.py:320} ERROR - Failed to import: /opt/airflow/dags/spark-test.py
Traceback (most recent call last):
  File "/home/airflow/.local/lib/python3.7/site-packages/airflow/models/dagbag.py", line 317, in parse
    loader.exec_module(new_module)
  File "<frozen importlib._bootstrap_external>", line 728, in exec_module
  File "<frozen importlib._bootstrap>", line 219, in _call_with_frames_removed
  File "/opt/airflow/dags/spark-test.py", line 3, in <module>
    from airflow.contrib.operators.spark_submit_operator import SparkSubmitOperator
  File "/home/airflow/.local/lib/python3.7/site-packages/airflow/contrib/operators/spark_submit_operator.py", line 22, in <module>
    from airflow.providers.apache.spark.operators.spark_submit import SparkSubmitOperator  # noqa
ModuleNotFoundError: No module named 'airflow.providers.apache'
[2022-06-14 15:08:00,798] {processor.py:653} WARNING - No viable dags retrieved from /opt/airflow/dags/spark-test.py
[2022-06-14 15:08:00,828] {processor.py:161} INFO - Processing /opt/airflow/dags/spark-test.py took 0.068 seconds
[2022-06-14 15:08:31,669] {processor.py:153} INFO - Started process (PID=7943) to work on /opt/airflow/dags/spark-test.py
[2022-06-14 15:08:31,671] {processor.py:641} INFO - Processing file /opt/airflow/dags/spark-test.py for tasks to queue
[2022-06-14 15:08:31,673] {logging_mixin.py:115} INFO - [2022-06-14 15:08:31,673] {dagbag.py:507} INFO - Filling up the DagBag from /opt/airflow/dags/spark-test.py
[2022-06-14 15:08:31,688] {logging_mixin.py:115} INFO - [2022-06-14 15:08:31,685] {dagbag.py:320} ERROR - Failed to import: /opt/airflow/dags/spark-test.py
Traceback (most recent call last):
  File "/home/airflow/.local/lib/python3.7/site-packages/airflow/models/dagbag.py", line 317, in parse
    loader.exec_module(new_module)
  File "<frozen importlib._bootstrap_external>", line 728, in exec_module
  File "<frozen importlib._bootstrap>", line 219, in _call_with_frames_removed
  File "/opt/airflow/dags/spark-test.py", line 3, in <module>
    from airflow.contrib.operators.spark_submit_operator import SparkSubmitOperator
  File "/home/airflow/.local/lib/python3.7/site-packages/airflow/contrib/operators/spark_submit_operator.py", line 22, in <module>
    from airflow.providers.apache.spark.operators.spark_submit import SparkSubmitOperator  # noqa
ModuleNotFoundError: No module named 'airflow.providers.apache'
[2022-06-14 15:08:31,689] {processor.py:653} WARNING - No viable dags retrieved from /opt/airflow/dags/spark-test.py
[2022-06-14 15:08:31,712] {processor.py:161} INFO - Processing /opt/airflow/dags/spark-test.py took 0.052 seconds
[2022-06-14 15:09:02,637] {processor.py:153} INFO - Started process (PID=8012) to work on /opt/airflow/dags/spark-test.py
[2022-06-14 15:09:02,641] {processor.py:641} INFO - Processing file /opt/airflow/dags/spark-test.py for tasks to queue
[2022-06-14 15:09:02,644] {logging_mixin.py:115} INFO - [2022-06-14 15:09:02,644] {dagbag.py:507} INFO - Filling up the DagBag from /opt/airflow/dags/spark-test.py
[2022-06-14 15:09:02,662] {logging_mixin.py:115} INFO - [2022-06-14 15:09:02,658] {dagbag.py:320} ERROR - Failed to import: /opt/airflow/dags/spark-test.py
Traceback (most recent call last):
  File "/home/airflow/.local/lib/python3.7/site-packages/airflow/models/dagbag.py", line 317, in parse
    loader.exec_module(new_module)
  File "<frozen importlib._bootstrap_external>", line 728, in exec_module
  File "<frozen importlib._bootstrap>", line 219, in _call_with_frames_removed
  File "/opt/airflow/dags/spark-test.py", line 3, in <module>
    from airflow.contrib.operators.spark_submit_operator import SparkSubmitOperator
  File "/home/airflow/.local/lib/python3.7/site-packages/airflow/contrib/operators/spark_submit_operator.py", line 22, in <module>
    from airflow.providers.apache.spark.operators.spark_submit import SparkSubmitOperator  # noqa
ModuleNotFoundError: No module named 'airflow.providers.apache'
[2022-06-14 15:09:02,665] {processor.py:653} WARNING - No viable dags retrieved from /opt/airflow/dags/spark-test.py
[2022-06-14 15:09:02,688] {processor.py:161} INFO - Processing /opt/airflow/dags/spark-test.py took 0.057 seconds
[2022-06-14 15:09:33,586] {processor.py:153} INFO - Started process (PID=8079) to work on /opt/airflow/dags/spark-test.py
[2022-06-14 15:09:33,588] {processor.py:641} INFO - Processing file /opt/airflow/dags/spark-test.py for tasks to queue
[2022-06-14 15:09:33,590] {logging_mixin.py:115} INFO - [2022-06-14 15:09:33,590] {dagbag.py:507} INFO - Filling up the DagBag from /opt/airflow/dags/spark-test.py
[2022-06-14 15:09:33,602] {logging_mixin.py:115} INFO - [2022-06-14 15:09:33,600] {dagbag.py:320} ERROR - Failed to import: /opt/airflow/dags/spark-test.py
Traceback (most recent call last):
  File "/home/airflow/.local/lib/python3.7/site-packages/airflow/models/dagbag.py", line 317, in parse
    loader.exec_module(new_module)
  File "<frozen importlib._bootstrap_external>", line 728, in exec_module
  File "<frozen importlib._bootstrap>", line 219, in _call_with_frames_removed
  File "/opt/airflow/dags/spark-test.py", line 3, in <module>
    from airflow.contrib.operators.spark_submit_operator import SparkSubmitOperator
  File "/home/airflow/.local/lib/python3.7/site-packages/airflow/contrib/operators/spark_submit_operator.py", line 22, in <module>
    from airflow.providers.apache.spark.operators.spark_submit import SparkSubmitOperator  # noqa
ModuleNotFoundError: No module named 'airflow.providers.apache'
[2022-06-14 15:09:33,605] {processor.py:653} WARNING - No viable dags retrieved from /opt/airflow/dags/spark-test.py
[2022-06-14 15:09:33,625] {processor.py:161} INFO - Processing /opt/airflow/dags/spark-test.py took 0.045 seconds
[2022-06-14 15:10:04,400] {processor.py:153} INFO - Started process (PID=8147) to work on /opt/airflow/dags/spark-test.py
[2022-06-14 15:10:04,402] {processor.py:641} INFO - Processing file /opt/airflow/dags/spark-test.py for tasks to queue
[2022-06-14 15:10:04,404] {logging_mixin.py:115} INFO - [2022-06-14 15:10:04,404] {dagbag.py:507} INFO - Filling up the DagBag from /opt/airflow/dags/spark-test.py
[2022-06-14 15:10:04,418] {logging_mixin.py:115} INFO - [2022-06-14 15:10:04,415] {dagbag.py:320} ERROR - Failed to import: /opt/airflow/dags/spark-test.py
Traceback (most recent call last):
  File "/home/airflow/.local/lib/python3.7/site-packages/airflow/models/dagbag.py", line 317, in parse
    loader.exec_module(new_module)
  File "<frozen importlib._bootstrap_external>", line 728, in exec_module
  File "<frozen importlib._bootstrap>", line 219, in _call_with_frames_removed
  File "/opt/airflow/dags/spark-test.py", line 3, in <module>
    from airflow.contrib.operators.spark_submit_operator import SparkSubmitOperator
  File "/home/airflow/.local/lib/python3.7/site-packages/airflow/contrib/operators/spark_submit_operator.py", line 22, in <module>
    from airflow.providers.apache.spark.operators.spark_submit import SparkSubmitOperator  # noqa
ModuleNotFoundError: No module named 'airflow.providers.apache'
[2022-06-14 15:10:04,419] {processor.py:653} WARNING - No viable dags retrieved from /opt/airflow/dags/spark-test.py
[2022-06-14 15:10:04,455] {processor.py:161} INFO - Processing /opt/airflow/dags/spark-test.py took 0.062 seconds
[2022-06-14 15:10:35,491] {processor.py:153} INFO - Started process (PID=8215) to work on /opt/airflow/dags/spark-test.py
[2022-06-14 15:10:35,493] {processor.py:641} INFO - Processing file /opt/airflow/dags/spark-test.py for tasks to queue
[2022-06-14 15:10:35,495] {logging_mixin.py:115} INFO - [2022-06-14 15:10:35,495] {dagbag.py:507} INFO - Filling up the DagBag from /opt/airflow/dags/spark-test.py
[2022-06-14 15:10:35,511] {logging_mixin.py:115} INFO - [2022-06-14 15:10:35,508] {dagbag.py:320} ERROR - Failed to import: /opt/airflow/dags/spark-test.py
Traceback (most recent call last):
  File "/home/airflow/.local/lib/python3.7/site-packages/airflow/models/dagbag.py", line 317, in parse
    loader.exec_module(new_module)
  File "<frozen importlib._bootstrap_external>", line 728, in exec_module
  File "<frozen importlib._bootstrap>", line 219, in _call_with_frames_removed
  File "/opt/airflow/dags/spark-test.py", line 3, in <module>
    from airflow.contrib.operators.spark_submit_operator import SparkSubmitOperator
  File "/home/airflow/.local/lib/python3.7/site-packages/airflow/contrib/operators/spark_submit_operator.py", line 22, in <module>
    from airflow.providers.apache.spark.operators.spark_submit import SparkSubmitOperator  # noqa
ModuleNotFoundError: No module named 'airflow.providers.apache'
[2022-06-14 15:10:35,512] {processor.py:653} WARNING - No viable dags retrieved from /opt/airflow/dags/spark-test.py
[2022-06-14 15:10:35,553] {processor.py:161} INFO - Processing /opt/airflow/dags/spark-test.py took 0.068 seconds
[2022-06-14 15:11:05,719] {processor.py:153} INFO - Started process (PID=8272) to work on /opt/airflow/dags/spark-test.py
[2022-06-14 15:11:05,721] {processor.py:641} INFO - Processing file /opt/airflow/dags/spark-test.py for tasks to queue
[2022-06-14 15:11:05,723] {logging_mixin.py:115} INFO - [2022-06-14 15:11:05,723] {dagbag.py:507} INFO - Filling up the DagBag from /opt/airflow/dags/spark-test.py
[2022-06-14 15:11:05,741] {logging_mixin.py:115} INFO - [2022-06-14 15:11:05,738] {dagbag.py:320} ERROR - Failed to import: /opt/airflow/dags/spark-test.py
Traceback (most recent call last):
  File "/home/airflow/.local/lib/python3.7/site-packages/airflow/models/dagbag.py", line 317, in parse
    loader.exec_module(new_module)
  File "<frozen importlib._bootstrap_external>", line 728, in exec_module
  File "<frozen importlib._bootstrap>", line 219, in _call_with_frames_removed
  File "/opt/airflow/dags/spark-test.py", line 3, in <module>
    from airflow.contrib.operators.spark_submit_operator import SparkSubmitOperator
  File "/home/airflow/.local/lib/python3.7/site-packages/airflow/contrib/operators/spark_submit_operator.py", line 22, in <module>
    from airflow.providers.apache.spark.operators.spark_submit import SparkSubmitOperator  # noqa
ModuleNotFoundError: No module named 'airflow.providers.apache'
[2022-06-14 15:11:05,742] {processor.py:653} WARNING - No viable dags retrieved from /opt/airflow/dags/spark-test.py
[2022-06-14 15:11:05,780] {processor.py:161} INFO - Processing /opt/airflow/dags/spark-test.py took 0.073 seconds
[2022-06-14 15:11:36,740] {processor.py:153} INFO - Started process (PID=8339) to work on /opt/airflow/dags/spark-test.py
[2022-06-14 15:11:36,745] {processor.py:641} INFO - Processing file /opt/airflow/dags/spark-test.py for tasks to queue
[2022-06-14 15:11:36,746] {logging_mixin.py:115} INFO - [2022-06-14 15:11:36,746] {dagbag.py:507} INFO - Filling up the DagBag from /opt/airflow/dags/spark-test.py
[2022-06-14 15:11:36,761] {logging_mixin.py:115} INFO - [2022-06-14 15:11:36,759] {dagbag.py:320} ERROR - Failed to import: /opt/airflow/dags/spark-test.py
Traceback (most recent call last):
  File "/home/airflow/.local/lib/python3.7/site-packages/airflow/models/dagbag.py", line 317, in parse
    loader.exec_module(new_module)
  File "<frozen importlib._bootstrap_external>", line 728, in exec_module
  File "<frozen importlib._bootstrap>", line 219, in _call_with_frames_removed
  File "/opt/airflow/dags/spark-test.py", line 3, in <module>
    from airflow.contrib.operators.spark_submit_operator import SparkSubmitOperator
  File "/home/airflow/.local/lib/python3.7/site-packages/airflow/contrib/operators/spark_submit_operator.py", line 22, in <module>
    from airflow.providers.apache.spark.operators.spark_submit import SparkSubmitOperator  # noqa
ModuleNotFoundError: No module named 'airflow.providers.apache'
[2022-06-14 15:11:36,762] {processor.py:653} WARNING - No viable dags retrieved from /opt/airflow/dags/spark-test.py
[2022-06-14 15:11:36,784] {processor.py:161} INFO - Processing /opt/airflow/dags/spark-test.py took 0.052 seconds
[2022-06-14 15:12:07,662] {processor.py:153} INFO - Started process (PID=8407) to work on /opt/airflow/dags/spark-test.py
[2022-06-14 15:12:07,665] {processor.py:641} INFO - Processing file /opt/airflow/dags/spark-test.py for tasks to queue
[2022-06-14 15:12:07,667] {logging_mixin.py:115} INFO - [2022-06-14 15:12:07,667] {dagbag.py:507} INFO - Filling up the DagBag from /opt/airflow/dags/spark-test.py
[2022-06-14 15:12:07,686] {logging_mixin.py:115} INFO - [2022-06-14 15:12:07,679] {dagbag.py:320} ERROR - Failed to import: /opt/airflow/dags/spark-test.py
Traceback (most recent call last):
  File "/home/airflow/.local/lib/python3.7/site-packages/airflow/models/dagbag.py", line 317, in parse
    loader.exec_module(new_module)
  File "<frozen importlib._bootstrap_external>", line 728, in exec_module
  File "<frozen importlib._bootstrap>", line 219, in _call_with_frames_removed
  File "/opt/airflow/dags/spark-test.py", line 3, in <module>
    from airflow.contrib.operators.spark_submit_operator import SparkSubmitOperator
  File "/home/airflow/.local/lib/python3.7/site-packages/airflow/contrib/operators/spark_submit_operator.py", line 22, in <module>
    from airflow.providers.apache.spark.operators.spark_submit import SparkSubmitOperator  # noqa
ModuleNotFoundError: No module named 'airflow.providers.apache'
[2022-06-14 15:12:07,689] {processor.py:653} WARNING - No viable dags retrieved from /opt/airflow/dags/spark-test.py
[2022-06-14 15:12:07,712] {processor.py:161} INFO - Processing /opt/airflow/dags/spark-test.py took 0.063 seconds
[2022-06-14 15:12:37,765] {processor.py:153} INFO - Started process (PID=8474) to work on /opt/airflow/dags/spark-test.py
[2022-06-14 15:12:37,767] {processor.py:641} INFO - Processing file /opt/airflow/dags/spark-test.py for tasks to queue
[2022-06-14 15:12:37,768] {logging_mixin.py:115} INFO - [2022-06-14 15:12:37,768] {dagbag.py:507} INFO - Filling up the DagBag from /opt/airflow/dags/spark-test.py
[2022-06-14 15:12:37,780] {logging_mixin.py:115} INFO - [2022-06-14 15:12:37,778] {dagbag.py:320} ERROR - Failed to import: /opt/airflow/dags/spark-test.py
Traceback (most recent call last):
  File "/home/airflow/.local/lib/python3.7/site-packages/airflow/models/dagbag.py", line 317, in parse
    loader.exec_module(new_module)
  File "<frozen importlib._bootstrap_external>", line 728, in exec_module
  File "<frozen importlib._bootstrap>", line 219, in _call_with_frames_removed
  File "/opt/airflow/dags/spark-test.py", line 3, in <module>
    from airflow.contrib.operators.spark_submit_operator import SparkSubmitOperator
  File "/home/airflow/.local/lib/python3.7/site-packages/airflow/contrib/operators/spark_submit_operator.py", line 22, in <module>
    from airflow.providers.apache.spark.operators.spark_submit import SparkSubmitOperator  # noqa
ModuleNotFoundError: No module named 'airflow.providers.apache'
[2022-06-14 15:12:37,782] {processor.py:653} WARNING - No viable dags retrieved from /opt/airflow/dags/spark-test.py
[2022-06-14 15:12:37,802] {processor.py:161} INFO - Processing /opt/airflow/dags/spark-test.py took 0.042 seconds
[2022-06-14 15:13:08,491] {processor.py:153} INFO - Started process (PID=8543) to work on /opt/airflow/dags/spark-test.py
[2022-06-14 15:13:08,493] {processor.py:641} INFO - Processing file /opt/airflow/dags/spark-test.py for tasks to queue
[2022-06-14 15:13:08,494] {logging_mixin.py:115} INFO - [2022-06-14 15:13:08,494] {dagbag.py:507} INFO - Filling up the DagBag from /opt/airflow/dags/spark-test.py
[2022-06-14 15:13:08,508] {logging_mixin.py:115} INFO - [2022-06-14 15:13:08,506] {dagbag.py:320} ERROR - Failed to import: /opt/airflow/dags/spark-test.py
Traceback (most recent call last):
  File "/home/airflow/.local/lib/python3.7/site-packages/airflow/models/dagbag.py", line 317, in parse
    loader.exec_module(new_module)
  File "<frozen importlib._bootstrap_external>", line 728, in exec_module
  File "<frozen importlib._bootstrap>", line 219, in _call_with_frames_removed
  File "/opt/airflow/dags/spark-test.py", line 3, in <module>
    from airflow.contrib.operators.spark_submit_operator import SparkSubmitOperator
  File "/home/airflow/.local/lib/python3.7/site-packages/airflow/contrib/operators/spark_submit_operator.py", line 22, in <module>
    from airflow.providers.apache.spark.operators.spark_submit import SparkSubmitOperator  # noqa
ModuleNotFoundError: No module named 'airflow.providers.apache'
[2022-06-14 15:13:08,510] {processor.py:653} WARNING - No viable dags retrieved from /opt/airflow/dags/spark-test.py
[2022-06-14 15:13:08,534] {processor.py:161} INFO - Processing /opt/airflow/dags/spark-test.py took 0.048 seconds
[2022-06-14 15:13:39,257] {processor.py:153} INFO - Started process (PID=8605) to work on /opt/airflow/dags/spark-test.py
[2022-06-14 15:13:39,260] {processor.py:641} INFO - Processing file /opt/airflow/dags/spark-test.py for tasks to queue
[2022-06-14 15:13:39,262] {logging_mixin.py:115} INFO - [2022-06-14 15:13:39,262] {dagbag.py:507} INFO - Filling up the DagBag from /opt/airflow/dags/spark-test.py
[2022-06-14 15:13:39,301] {logging_mixin.py:115} INFO - [2022-06-14 15:13:39,291] {dagbag.py:320} ERROR - Failed to import: /opt/airflow/dags/spark-test.py
Traceback (most recent call last):
  File "/home/airflow/.local/lib/python3.7/site-packages/airflow/models/dagbag.py", line 317, in parse
    loader.exec_module(new_module)
  File "<frozen importlib._bootstrap_external>", line 728, in exec_module
  File "<frozen importlib._bootstrap>", line 219, in _call_with_frames_removed
  File "/opt/airflow/dags/spark-test.py", line 3, in <module>
    from airflow.contrib.operators.spark_submit_operator import SparkSubmitOperator
  File "/home/airflow/.local/lib/python3.7/site-packages/airflow/contrib/operators/spark_submit_operator.py", line 22, in <module>
    from airflow.providers.apache.spark.operators.spark_submit import SparkSubmitOperator  # noqa
ModuleNotFoundError: No module named 'airflow.providers.apache'
[2022-06-14 15:13:39,302] {processor.py:653} WARNING - No viable dags retrieved from /opt/airflow/dags/spark-test.py
[2022-06-14 15:13:39,341] {processor.py:161} INFO - Processing /opt/airflow/dags/spark-test.py took 0.097 seconds
[2022-06-14 15:14:03,978] {processor.py:153} INFO - Started process (PID=42) to work on /opt/airflow/dags/spark-test.py
[2022-06-14 15:14:03,983] {processor.py:641} INFO - Processing file /opt/airflow/dags/spark-test.py for tasks to queue
[2022-06-14 15:14:03,992] {logging_mixin.py:115} INFO - [2022-06-14 15:14:03,991] {dagbag.py:507} INFO - Filling up the DagBag from /opt/airflow/dags/spark-test.py
[2022-06-14 15:14:04,066] {logging_mixin.py:115} INFO - [2022-06-14 15:14:04,047] {dagbag.py:320} ERROR - Failed to import: /opt/airflow/dags/spark-test.py
Traceback (most recent call last):
  File "/home/airflow/.local/lib/python3.7/site-packages/airflow/models/dagbag.py", line 317, in parse
    loader.exec_module(new_module)
  File "<frozen importlib._bootstrap_external>", line 728, in exec_module
  File "<frozen importlib._bootstrap>", line 219, in _call_with_frames_removed
  File "/opt/airflow/dags/spark-test.py", line 3, in <module>
    from airflow.contrib.operators.spark_submit_operator import SparkSubmitOperator
  File "/home/airflow/.local/lib/python3.7/site-packages/airflow/contrib/operators/spark_submit_operator.py", line 22, in <module>
    from airflow.providers.apache.spark.operators.spark_submit import SparkSubmitOperator  # noqa
ModuleNotFoundError: No module named 'airflow.providers.apache'
[2022-06-14 15:14:04,069] {processor.py:653} WARNING - No viable dags retrieved from /opt/airflow/dags/spark-test.py
[2022-06-14 15:14:04,119] {processor.py:161} INFO - Processing /opt/airflow/dags/spark-test.py took 0.175 seconds
[2022-06-14 15:14:34,682] {processor.py:153} INFO - Started process (PID=98) to work on /opt/airflow/dags/spark-test.py
[2022-06-14 15:14:34,683] {processor.py:641} INFO - Processing file /opt/airflow/dags/spark-test.py for tasks to queue
[2022-06-14 15:14:34,685] {logging_mixin.py:115} INFO - [2022-06-14 15:14:34,685] {dagbag.py:507} INFO - Filling up the DagBag from /opt/airflow/dags/spark-test.py
[2022-06-14 15:14:34,708] {logging_mixin.py:115} INFO - [2022-06-14 15:14:34,704] {dagbag.py:320} ERROR - Failed to import: /opt/airflow/dags/spark-test.py
Traceback (most recent call last):
  File "/home/airflow/.local/lib/python3.7/site-packages/airflow/models/dagbag.py", line 317, in parse
    loader.exec_module(new_module)
  File "<frozen importlib._bootstrap_external>", line 728, in exec_module
  File "<frozen importlib._bootstrap>", line 219, in _call_with_frames_removed
  File "/opt/airflow/dags/spark-test.py", line 3, in <module>
    from airflow.contrib.operators.spark_submit_operator import SparkSubmitOperator
  File "/home/airflow/.local/lib/python3.7/site-packages/airflow/contrib/operators/spark_submit_operator.py", line 22, in <module>
    from airflow.providers.apache.spark.operators.spark_submit import SparkSubmitOperator  # noqa
ModuleNotFoundError: No module named 'airflow.providers.apache'
[2022-06-14 15:14:34,710] {processor.py:653} WARNING - No viable dags retrieved from /opt/airflow/dags/spark-test.py
[2022-06-14 15:14:34,737] {processor.py:161} INFO - Processing /opt/airflow/dags/spark-test.py took 0.062 seconds
[2022-06-14 15:15:04,986] {processor.py:153} INFO - Started process (PID=164) to work on /opt/airflow/dags/spark-test.py
[2022-06-14 15:15:04,990] {processor.py:641} INFO - Processing file /opt/airflow/dags/spark-test.py for tasks to queue
[2022-06-14 15:15:04,992] {logging_mixin.py:115} INFO - [2022-06-14 15:15:04,992] {dagbag.py:507} INFO - Filling up the DagBag from /opt/airflow/dags/spark-test.py
[2022-06-14 15:15:05,017] {logging_mixin.py:115} INFO - [2022-06-14 15:15:05,013] {dagbag.py:320} ERROR - Failed to import: /opt/airflow/dags/spark-test.py
Traceback (most recent call last):
  File "/home/airflow/.local/lib/python3.7/site-packages/airflow/models/dagbag.py", line 317, in parse
    loader.exec_module(new_module)
  File "<frozen importlib._bootstrap_external>", line 728, in exec_module
  File "<frozen importlib._bootstrap>", line 219, in _call_with_frames_removed
  File "/opt/airflow/dags/spark-test.py", line 3, in <module>
    from airflow.contrib.operators.spark_submit_operator import SparkSubmitOperator
  File "/home/airflow/.local/lib/python3.7/site-packages/airflow/contrib/operators/spark_submit_operator.py", line 22, in <module>
    from airflow.providers.apache.spark.operators.spark_submit import SparkSubmitOperator  # noqa
ModuleNotFoundError: No module named 'airflow.providers.apache'
[2022-06-14 15:15:05,019] {processor.py:653} WARNING - No viable dags retrieved from /opt/airflow/dags/spark-test.py
[2022-06-14 15:15:05,069] {processor.py:161} INFO - Processing /opt/airflow/dags/spark-test.py took 0.092 seconds
[2022-06-14 15:15:35,212] {processor.py:153} INFO - Started process (PID=231) to work on /opt/airflow/dags/spark-test.py
[2022-06-14 15:15:35,215] {processor.py:641} INFO - Processing file /opt/airflow/dags/spark-test.py for tasks to queue
[2022-06-14 15:15:35,217] {logging_mixin.py:115} INFO - [2022-06-14 15:15:35,217] {dagbag.py:507} INFO - Filling up the DagBag from /opt/airflow/dags/spark-test.py
[2022-06-14 15:15:35,232] {logging_mixin.py:115} INFO - [2022-06-14 15:15:35,229] {dagbag.py:320} ERROR - Failed to import: /opt/airflow/dags/spark-test.py
Traceback (most recent call last):
  File "/home/airflow/.local/lib/python3.7/site-packages/airflow/models/dagbag.py", line 317, in parse
    loader.exec_module(new_module)
  File "<frozen importlib._bootstrap_external>", line 728, in exec_module
  File "<frozen importlib._bootstrap>", line 219, in _call_with_frames_removed
  File "/opt/airflow/dags/spark-test.py", line 3, in <module>
    from airflow.contrib.operators.spark_submit_operator import SparkSubmitOperator
  File "/home/airflow/.local/lib/python3.7/site-packages/airflow/contrib/operators/spark_submit_operator.py", line 22, in <module>
    from airflow.providers.apache.spark.operators.spark_submit import SparkSubmitOperator  # noqa
ModuleNotFoundError: No module named 'airflow.providers.apache'
[2022-06-14 15:15:35,233] {processor.py:653} WARNING - No viable dags retrieved from /opt/airflow/dags/spark-test.py
[2022-06-14 15:15:35,268] {processor.py:161} INFO - Processing /opt/airflow/dags/spark-test.py took 0.065 seconds
[2022-06-14 15:16:05,495] {processor.py:153} INFO - Started process (PID=291) to work on /opt/airflow/dags/spark-test.py
[2022-06-14 15:16:05,497] {processor.py:641} INFO - Processing file /opt/airflow/dags/spark-test.py for tasks to queue
[2022-06-14 15:16:05,500] {logging_mixin.py:115} INFO - [2022-06-14 15:16:05,500] {dagbag.py:507} INFO - Filling up the DagBag from /opt/airflow/dags/spark-test.py
[2022-06-14 15:16:05,516] {logging_mixin.py:115} INFO - [2022-06-14 15:16:05,514] {dagbag.py:320} ERROR - Failed to import: /opt/airflow/dags/spark-test.py
Traceback (most recent call last):
  File "/home/airflow/.local/lib/python3.7/site-packages/airflow/models/dagbag.py", line 317, in parse
    loader.exec_module(new_module)
  File "<frozen importlib._bootstrap_external>", line 728, in exec_module
  File "<frozen importlib._bootstrap>", line 219, in _call_with_frames_removed
  File "/opt/airflow/dags/spark-test.py", line 3, in <module>
    from airflow.contrib.operators.spark_submit_operator import SparkSubmitOperator
  File "/home/airflow/.local/lib/python3.7/site-packages/airflow/contrib/operators/spark_submit_operator.py", line 22, in <module>
    from airflow.providers.apache.spark.operators.spark_submit import SparkSubmitOperator  # noqa
ModuleNotFoundError: No module named 'airflow.providers.apache'
[2022-06-14 15:16:05,518] {processor.py:653} WARNING - No viable dags retrieved from /opt/airflow/dags/spark-test.py
[2022-06-14 15:16:05,545] {processor.py:161} INFO - Processing /opt/airflow/dags/spark-test.py took 0.056 seconds
[2022-06-14 15:16:35,876] {processor.py:153} INFO - Started process (PID=358) to work on /opt/airflow/dags/spark-test.py
[2022-06-14 15:16:35,878] {processor.py:641} INFO - Processing file /opt/airflow/dags/spark-test.py for tasks to queue
[2022-06-14 15:16:35,880] {logging_mixin.py:115} INFO - [2022-06-14 15:16:35,880] {dagbag.py:507} INFO - Filling up the DagBag from /opt/airflow/dags/spark-test.py
[2022-06-14 15:16:35,896] {logging_mixin.py:115} INFO - [2022-06-14 15:16:35,893] {dagbag.py:320} ERROR - Failed to import: /opt/airflow/dags/spark-test.py
Traceback (most recent call last):
  File "/home/airflow/.local/lib/python3.7/site-packages/airflow/models/dagbag.py", line 317, in parse
    loader.exec_module(new_module)
  File "<frozen importlib._bootstrap_external>", line 728, in exec_module
  File "<frozen importlib._bootstrap>", line 219, in _call_with_frames_removed
  File "/opt/airflow/dags/spark-test.py", line 3, in <module>
    from airflow.contrib.operators.spark_submit_operator import SparkSubmitOperator
  File "/home/airflow/.local/lib/python3.7/site-packages/airflow/contrib/operators/spark_submit_operator.py", line 22, in <module>
    from airflow.providers.apache.spark.operators.spark_submit import SparkSubmitOperator  # noqa
ModuleNotFoundError: No module named 'airflow.providers.apache'
[2022-06-14 15:16:35,898] {processor.py:653} WARNING - No viable dags retrieved from /opt/airflow/dags/spark-test.py
[2022-06-14 15:16:35,926] {processor.py:161} INFO - Processing /opt/airflow/dags/spark-test.py took 0.060 seconds
[2022-06-14 19:52:47,989] {processor.py:153} INFO - Started process (PID=46) to work on /opt/airflow/dags/spark-test.py
[2022-06-14 19:52:48,001] {processor.py:641} INFO - Processing file /opt/airflow/dags/spark-test.py for tasks to queue
[2022-06-14 19:52:48,005] {logging_mixin.py:115} INFO - [2022-06-14 19:52:48,005] {dagbag.py:507} INFO - Filling up the DagBag from /opt/airflow/dags/spark-test.py
[2022-06-14 19:52:48,194] {logging_mixin.py:115} INFO - [2022-06-14 19:52:48,141] {dagbag.py:320} ERROR - Failed to import: /opt/airflow/dags/spark-test.py
Traceback (most recent call last):
  File "/home/airflow/.local/lib/python3.7/site-packages/airflow/models/dagbag.py", line 317, in parse
    loader.exec_module(new_module)
  File "<frozen importlib._bootstrap_external>", line 728, in exec_module
  File "<frozen importlib._bootstrap>", line 219, in _call_with_frames_removed
  File "/opt/airflow/dags/spark-test.py", line 3, in <module>
    from airflow.contrib.operators.spark_submit_operator import SparkSubmitOperator
  File "/home/airflow/.local/lib/python3.7/site-packages/airflow/contrib/operators/spark_submit_operator.py", line 22, in <module>
    from airflow.providers.apache.spark.operators.spark_submit import SparkSubmitOperator  # noqa
ModuleNotFoundError: No module named 'airflow.providers.apache'
[2022-06-14 19:52:48,197] {processor.py:653} WARNING - No viable dags retrieved from /opt/airflow/dags/spark-test.py
[2022-06-14 19:52:48,286] {processor.py:161} INFO - Processing /opt/airflow/dags/spark-test.py took 0.322 seconds
[2022-06-14 19:53:45,784] {processor.py:153} INFO - Started process (PID=110) to work on /opt/airflow/dags/spark-test.py
[2022-06-14 19:53:45,787] {processor.py:641} INFO - Processing file /opt/airflow/dags/spark-test.py for tasks to queue
[2022-06-14 19:53:45,792] {logging_mixin.py:115} INFO - [2022-06-14 19:53:45,791] {dagbag.py:507} INFO - Filling up the DagBag from /opt/airflow/dags/spark-test.py
[2022-06-14 19:53:45,824] {logging_mixin.py:115} INFO - [2022-06-14 19:53:45,819] {dagbag.py:320} ERROR - Failed to import: /opt/airflow/dags/spark-test.py
Traceback (most recent call last):
  File "/home/airflow/.local/lib/python3.7/site-packages/airflow/models/dagbag.py", line 317, in parse
    loader.exec_module(new_module)
  File "<frozen importlib._bootstrap_external>", line 728, in exec_module
  File "<frozen importlib._bootstrap>", line 219, in _call_with_frames_removed
  File "/opt/airflow/dags/spark-test.py", line 3, in <module>
    from airflow.contrib.operators.spark_submit_operator import SparkSubmitOperator
  File "/home/airflow/.local/lib/python3.7/site-packages/airflow/contrib/operators/spark_submit_operator.py", line 22, in <module>
    from airflow.providers.apache.spark.operators.spark_submit import SparkSubmitOperator  # noqa
ModuleNotFoundError: No module named 'airflow.providers.apache'
[2022-06-14 19:53:45,825] {processor.py:653} WARNING - No viable dags retrieved from /opt/airflow/dags/spark-test.py
[2022-06-14 19:53:45,843] {processor.py:161} INFO - Processing /opt/airflow/dags/spark-test.py took 0.063 seconds
[2022-06-14 19:54:16,299] {processor.py:153} INFO - Started process (PID=175) to work on /opt/airflow/dags/spark-test.py
[2022-06-14 19:54:16,303] {processor.py:641} INFO - Processing file /opt/airflow/dags/spark-test.py for tasks to queue
[2022-06-14 19:54:16,305] {logging_mixin.py:115} INFO - [2022-06-14 19:54:16,305] {dagbag.py:507} INFO - Filling up the DagBag from /opt/airflow/dags/spark-test.py
[2022-06-14 19:54:16,318] {logging_mixin.py:115} INFO - [2022-06-14 19:54:16,313] {dagbag.py:320} ERROR - Failed to import: /opt/airflow/dags/spark-test.py
Traceback (most recent call last):
  File "/home/airflow/.local/lib/python3.7/site-packages/airflow/models/dagbag.py", line 317, in parse
    loader.exec_module(new_module)
  File "<frozen importlib._bootstrap_external>", line 728, in exec_module
  File "<frozen importlib._bootstrap>", line 219, in _call_with_frames_removed
  File "/opt/airflow/dags/spark-test.py", line 3, in <module>
    from airflow.contrib.operators.spark_submit_operator import SparkSubmitOperator
  File "/home/airflow/.local/lib/python3.7/site-packages/airflow/contrib/operators/spark_submit_operator.py", line 22, in <module>
    from airflow.providers.apache.spark.operators.spark_submit import SparkSubmitOperator  # noqa
ModuleNotFoundError: No module named 'airflow.providers.apache'
[2022-06-14 19:54:16,319] {processor.py:653} WARNING - No viable dags retrieved from /opt/airflow/dags/spark-test.py
[2022-06-14 19:54:16,366] {processor.py:161} INFO - Processing /opt/airflow/dags/spark-test.py took 0.070 seconds
[2022-06-14 19:54:46,403] {processor.py:153} INFO - Started process (PID=228) to work on /opt/airflow/dags/spark-test.py
[2022-06-14 19:54:46,404] {processor.py:641} INFO - Processing file /opt/airflow/dags/spark-test.py for tasks to queue
[2022-06-14 19:54:46,405] {logging_mixin.py:115} INFO - [2022-06-14 19:54:46,405] {dagbag.py:507} INFO - Filling up the DagBag from /opt/airflow/dags/spark-test.py
[2022-06-14 19:54:46,418] {logging_mixin.py:115} INFO - [2022-06-14 19:54:46,415] {dagbag.py:320} ERROR - Failed to import: /opt/airflow/dags/spark-test.py
Traceback (most recent call last):
  File "/home/airflow/.local/lib/python3.7/site-packages/airflow/models/dagbag.py", line 317, in parse
    loader.exec_module(new_module)
  File "<frozen importlib._bootstrap_external>", line 728, in exec_module
  File "<frozen importlib._bootstrap>", line 219, in _call_with_frames_removed
  File "/opt/airflow/dags/spark-test.py", line 3, in <module>
    from airflow.contrib.operators.spark_submit_operator import SparkSubmitOperator
  File "/home/airflow/.local/lib/python3.7/site-packages/airflow/contrib/operators/spark_submit_operator.py", line 22, in <module>
    from airflow.providers.apache.spark.operators.spark_submit import SparkSubmitOperator  # noqa
ModuleNotFoundError: No module named 'airflow.providers.apache'
[2022-06-14 19:54:46,421] {processor.py:653} WARNING - No viable dags retrieved from /opt/airflow/dags/spark-test.py
[2022-06-14 19:54:46,456] {processor.py:161} INFO - Processing /opt/airflow/dags/spark-test.py took 0.055 seconds
[2022-06-14 19:55:17,349] {processor.py:153} INFO - Started process (PID=295) to work on /opt/airflow/dags/spark-test.py
[2022-06-14 19:55:17,351] {processor.py:641} INFO - Processing file /opt/airflow/dags/spark-test.py for tasks to queue
[2022-06-14 19:55:17,352] {logging_mixin.py:115} INFO - [2022-06-14 19:55:17,352] {dagbag.py:507} INFO - Filling up the DagBag from /opt/airflow/dags/spark-test.py
[2022-06-14 19:55:17,360] {logging_mixin.py:115} INFO - [2022-06-14 19:55:17,359] {dagbag.py:320} ERROR - Failed to import: /opt/airflow/dags/spark-test.py
Traceback (most recent call last):
  File "/home/airflow/.local/lib/python3.7/site-packages/airflow/models/dagbag.py", line 317, in parse
    loader.exec_module(new_module)
  File "<frozen importlib._bootstrap_external>", line 728, in exec_module
  File "<frozen importlib._bootstrap>", line 219, in _call_with_frames_removed
  File "/opt/airflow/dags/spark-test.py", line 3, in <module>
    from airflow.contrib.operators.spark_submit_operator import SparkSubmitOperator
  File "/home/airflow/.local/lib/python3.7/site-packages/airflow/contrib/operators/spark_submit_operator.py", line 22, in <module>
    from airflow.providers.apache.spark.operators.spark_submit import SparkSubmitOperator  # noqa
ModuleNotFoundError: No module named 'airflow.providers.apache'
[2022-06-14 19:55:17,361] {processor.py:653} WARNING - No viable dags retrieved from /opt/airflow/dags/spark-test.py
[2022-06-14 19:55:17,383] {processor.py:161} INFO - Processing /opt/airflow/dags/spark-test.py took 0.037 seconds
[2022-06-14 19:55:47,665] {processor.py:153} INFO - Started process (PID=363) to work on /opt/airflow/dags/spark-test.py
[2022-06-14 19:55:47,666] {processor.py:641} INFO - Processing file /opt/airflow/dags/spark-test.py for tasks to queue
[2022-06-14 19:55:47,667] {logging_mixin.py:115} INFO - [2022-06-14 19:55:47,667] {dagbag.py:507} INFO - Filling up the DagBag from /opt/airflow/dags/spark-test.py
[2022-06-14 19:55:47,677] {logging_mixin.py:115} INFO - [2022-06-14 19:55:47,675] {dagbag.py:320} ERROR - Failed to import: /opt/airflow/dags/spark-test.py
Traceback (most recent call last):
  File "/home/airflow/.local/lib/python3.7/site-packages/airflow/models/dagbag.py", line 317, in parse
    loader.exec_module(new_module)
  File "<frozen importlib._bootstrap_external>", line 728, in exec_module
  File "<frozen importlib._bootstrap>", line 219, in _call_with_frames_removed
  File "/opt/airflow/dags/spark-test.py", line 3, in <module>
    from airflow.contrib.operators.spark_submit_operator import SparkSubmitOperator
  File "/home/airflow/.local/lib/python3.7/site-packages/airflow/contrib/operators/spark_submit_operator.py", line 22, in <module>
    from airflow.providers.apache.spark.operators.spark_submit import SparkSubmitOperator  # noqa
ModuleNotFoundError: No module named 'airflow.providers.apache'
[2022-06-14 19:55:47,679] {processor.py:653} WARNING - No viable dags retrieved from /opt/airflow/dags/spark-test.py
[2022-06-14 19:55:47,695] {processor.py:161} INFO - Processing /opt/airflow/dags/spark-test.py took 0.035 seconds
[2022-06-14 19:56:17,953] {processor.py:153} INFO - Started process (PID=426) to work on /opt/airflow/dags/spark-test.py
[2022-06-14 19:56:17,958] {processor.py:641} INFO - Processing file /opt/airflow/dags/spark-test.py for tasks to queue
[2022-06-14 19:56:17,965] {logging_mixin.py:115} INFO - [2022-06-14 19:56:17,964] {dagbag.py:507} INFO - Filling up the DagBag from /opt/airflow/dags/spark-test.py
[2022-06-14 19:56:17,981] {logging_mixin.py:115} INFO - [2022-06-14 19:56:17,977] {dagbag.py:320} ERROR - Failed to import: /opt/airflow/dags/spark-test.py
Traceback (most recent call last):
  File "/home/airflow/.local/lib/python3.7/site-packages/airflow/models/dagbag.py", line 317, in parse
    loader.exec_module(new_module)
  File "<frozen importlib._bootstrap_external>", line 728, in exec_module
  File "<frozen importlib._bootstrap>", line 219, in _call_with_frames_removed
  File "/opt/airflow/dags/spark-test.py", line 3, in <module>
    from airflow.contrib.operators.spark_submit_operator import SparkSubmitOperator
  File "/home/airflow/.local/lib/python3.7/site-packages/airflow/contrib/operators/spark_submit_operator.py", line 22, in <module>
    from airflow.providers.apache.spark.operators.spark_submit import SparkSubmitOperator  # noqa
ModuleNotFoundError: No module named 'airflow.providers.apache'
[2022-06-14 19:56:17,983] {processor.py:653} WARNING - No viable dags retrieved from /opt/airflow/dags/spark-test.py
[2022-06-14 19:56:18,016] {processor.py:161} INFO - Processing /opt/airflow/dags/spark-test.py took 0.066 seconds
[2022-06-14 19:56:48,520] {processor.py:153} INFO - Started process (PID=479) to work on /opt/airflow/dags/spark-test.py
[2022-06-14 19:56:48,521] {processor.py:641} INFO - Processing file /opt/airflow/dags/spark-test.py for tasks to queue
[2022-06-14 19:56:48,523] {logging_mixin.py:115} INFO - [2022-06-14 19:56:48,522] {dagbag.py:507} INFO - Filling up the DagBag from /opt/airflow/dags/spark-test.py
[2022-06-14 19:56:48,532] {logging_mixin.py:115} INFO - [2022-06-14 19:56:48,530] {dagbag.py:320} ERROR - Failed to import: /opt/airflow/dags/spark-test.py
Traceback (most recent call last):
  File "/home/airflow/.local/lib/python3.7/site-packages/airflow/models/dagbag.py", line 317, in parse
    loader.exec_module(new_module)
  File "<frozen importlib._bootstrap_external>", line 728, in exec_module
  File "<frozen importlib._bootstrap>", line 219, in _call_with_frames_removed
  File "/opt/airflow/dags/spark-test.py", line 3, in <module>
    from airflow.contrib.operators.spark_submit_operator import SparkSubmitOperator
  File "/home/airflow/.local/lib/python3.7/site-packages/airflow/contrib/operators/spark_submit_operator.py", line 22, in <module>
    from airflow.providers.apache.spark.operators.spark_submit import SparkSubmitOperator  # noqa
ModuleNotFoundError: No module named 'airflow.providers.apache'
[2022-06-14 19:56:48,534] {processor.py:653} WARNING - No viable dags retrieved from /opt/airflow/dags/spark-test.py
[2022-06-14 19:56:48,551] {processor.py:161} INFO - Processing /opt/airflow/dags/spark-test.py took 0.034 seconds
[2022-06-14 19:57:18,860] {processor.py:153} INFO - Started process (PID=549) to work on /opt/airflow/dags/spark-test.py
[2022-06-14 19:57:18,862] {processor.py:641} INFO - Processing file /opt/airflow/dags/spark-test.py for tasks to queue
[2022-06-14 19:57:18,872] {logging_mixin.py:115} INFO - [2022-06-14 19:57:18,872] {dagbag.py:507} INFO - Filling up the DagBag from /opt/airflow/dags/spark-test.py
[2022-06-14 19:57:18,882] {logging_mixin.py:115} INFO - [2022-06-14 19:57:18,880] {dagbag.py:320} ERROR - Failed to import: /opt/airflow/dags/spark-test.py
Traceback (most recent call last):
  File "/home/airflow/.local/lib/python3.7/site-packages/airflow/models/dagbag.py", line 317, in parse
    loader.exec_module(new_module)
  File "<frozen importlib._bootstrap_external>", line 728, in exec_module
  File "<frozen importlib._bootstrap>", line 219, in _call_with_frames_removed
  File "/opt/airflow/dags/spark-test.py", line 3, in <module>
    from airflow.contrib.operators.spark_submit_operator import SparkSubmitOperator
  File "/home/airflow/.local/lib/python3.7/site-packages/airflow/contrib/operators/spark_submit_operator.py", line 22, in <module>
    from airflow.providers.apache.spark.operators.spark_submit import SparkSubmitOperator  # noqa
ModuleNotFoundError: No module named 'airflow.providers.apache'
[2022-06-14 19:57:18,883] {processor.py:653} WARNING - No viable dags retrieved from /opt/airflow/dags/spark-test.py
[2022-06-14 19:57:18,902] {processor.py:161} INFO - Processing /opt/airflow/dags/spark-test.py took 0.046 seconds
